<?xml version="1.0" encoding="UTF-8" ?>
<testsuite tests="712" failures="148" name="de.neusta.b4u.RunCukesTest" time="17.572" errors="18" skipped="256">
  <properties>
[...]
</properties>
  <testcase classname="Scenario: Check menu entries that are visible as standard user" name="Given I have logged into my account as standard user" time="0.001"/>
  <testcase classname="Scenario: Check menu entries that are visible as standard user" name="When I look at the menu entries" time="0"/>
  <testcase classname="Scenario: Check menu entries that are visible as standard user" name="Then all the menu entries looked for are being displayed" time="0.005">
    <failure message="TestB4U User is displayed" type="java.lang.AssertionError">java.lang.AssertionError: TestB4U User is displayed
	at org.junit.Assert.fail(Assert.java:88)
	at org.junit.Assert.assertTrue(Assert.java:41)
	at de.neusta.b4u.steps.menu.MenuSteps.all_the_menu_entries_looked_for_are_being_displayed(MenuSteps.java:38)
	at ✽.Then all the menu entries looked for are being displayed(accountMenu.feature:10)
</failure>
  </testcase>
  <testcase classname="Scenario: Check menu entries that are visible as standard user" name="Scenario: Check menu entries that are visible as standard user" time="0.005">
    <failure message="TestB4U User is displayed" type="java.lang.AssertionError">java.lang.AssertionError: TestB4U User is displayed
	at org.junit.Assert.fail(Assert.java:88)
	at org.junit.Assert.assertTrue(Assert.java:41)
	at de.neusta.b4u.steps.menu.MenuSteps.all_the_menu_entries_looked_for_are_being_displayed(MenuSteps.java:38)
	at ✽.Then all the menu entries looked for are being displayed(accountMenu.feature:10)
</failure>
  </testcase>
  <testcase classname="Scenario: Check menu entries that are not visible as standard user" name="Given I have logged into my account as standard user" time="0"/>
  <testcase classname="Scenario: Check menu entries that are not visible as standard user" name="When I look at the menu entries" time="0"/>
  <testcase classname="Scenario: Check menu entries that are not visible as standard user" name="Then all the menu entries looked for are not being displayed" time="0"/>
  <testcase classname="Scenario: Check menu entries that are not visible as standard user" name="Scenario: Check menu entries that are not visible as standard user" time="0.123"/>
  <testcase classname="Scenario: Check menu entries that are visible as administrator" name="Given I have logged into my account as admin user" time="0"/>
  <testcase classname="Scenario: Check menu entries that are visible as administrator" name="When I look at the menu entries" time="0"/>
  <testcase classname="Scenario: Check menu entries that are visible as administrator" name="Then all the menu entries looked for are being displayed" time="0.001">
    <failure message="TestB4U Admin is displayed" type="java.lang.AssertionError">java.lang.AssertionError: TestB4U Admin is displayed
	at org.junit.Assert.fail(Assert.java:88)
	at org.junit.Assert.assertTrue(Assert.java:41)
	at de.neusta.b4u.steps.menu.MenuSteps.all_the_menu_entries_looked_for_are_being_displayed(MenuSteps.java:38)
	at ✽.Then all the menu entries looked for are being displayed(accountMenu.feature:32)
</failure>
  </testcase>
  <testcase classname="Scenario: Check menu entries that are visible as administrator" name="Scenario: Check menu entries that are visible as administrator" time="0.001">
    <failure message="TestB4U Admin is displayed" type="java.lang.AssertionError">java.lang.AssertionError: TestB4U Admin is displayed
	at org.junit.Assert.fail(Assert.java:88)
	at org.junit.Assert.assertTrue(Assert.java:41)
	at de.neusta.b4u.steps.menu.MenuSteps.all_the_menu_entries_looked_for_are_being_displayed(MenuSteps.java:38)
	at ✽.Then all the menu entries looked for are being displayed(accountMenu.feature:32)
</failure>
  </testcase>
  <testcase classname="Scenario: Check menu entries addresses" name="Given I have logged into my account as standard user" time="0"/>
  <testcase classname="Scenario: Check menu entries addresses" name="When I look at the menu entry \&quot;navigationView.addresslist.Adressen\&quot;" time="0"/>
  <testcase classname="Scenario: Check menu entries addresses" name="Then all the onmouse over entries looked for are being displayed" time="0.003">
    <error message="no such element: Unable to locate element: {&quot;method&quot;:&quot;id&quot;,&quot;selector&quot;:&quot;navigationView.Adressen.Profil importieren&quot;}
  (Session info: chrome=72.0.3626.81)
  (Driver info: chromedriver=2.46.628388 (4a34a70827ac54148e092aafb70504c4ea7ae926),platform=Linux 4.9.125-linuxkit x86_64) (WARNING: The server did not provide any stacktrace information)
Command duration or timeout: 1.09 seconds
For documentation on this error, please visit: http://seleniumhq.org/exceptions/no_such_element.html
Build info: version: &apos;3.0.1&apos;, revision: &apos;1969d75&apos;, time: &apos;2016-10-18 09:49:13 -0700&apos;
System info: host: &apos;DESKTOP-IN4UB21&apos;, ip: &apos;10.0.75.1&apos;, os.name: &apos;Windows 10&apos;, os.arch: &apos;amd64&apos;, os.version: &apos;10.0&apos;, java.version: &apos;1.8.0_201&apos;
Driver info: org.openqa.selenium.remote.RemoteWebDriver
Capabilities [{mobileEmulationEnabled=false, timeouts={implicit=0, pageLoad=300000, script=30000}, hasTouchScreen=false, platform=LINUX, acceptSslCerts=false, goog:chromeOptions={debuggerAddress=localhost:44899}, acceptInsecureCerts=false, webStorageEnabled=true, browserName=chrome, takesScreenshot=true, javascriptEnabled=true, setWindowRect=true, unexpectedAlertBehaviour=ignore, applicationCacheEnabled=false, rotatable=false, networkConnectionEnabled=false, chrome={chromedriverVersion=2.46.628388 (4a34a70827ac54148e092aafb70504c4ea7ae926), userDataDir=/tmp/.org.chromium.Chromium.I0cUFv}, takesHeapSnapshot=true, pageLoadStrategy=normal, strictFileInteractability=false, databaseEnabled=false, handlesAlerts=true, version=72.0.3626.81, browserConnectionEnabled=false, proxy={}, nativeEvents=true, webdriver.remote.sessionid=f107d96fe096bebb1f69e12df8afeff9, locationContextEnabled=true, cssSelectorsEnabled=true}]
Session ID: f107d96fe096bebb1f69e12df8afeff9
*** Element info: {Using=id, value=navigationView.Adressen.Profil importieren}" type="org.openqa.selenium.NoSuchElementException">org.openqa.selenium.NoSuchElementException: no such element: Unable to locate element: {&quot;method&quot;:&quot;id&quot;,&quot;selector&quot;:&quot;navigationView.Adressen.Profil importieren&quot;}
  (Session info: chrome=72.0.3626.81)
  (Driver info: chromedriver=2.46.628388 (4a34a70827ac54148e092aafb70504c4ea7ae926),platform=Linux 4.9.125-linuxkit x86_64) (WARNING: The server did not provide any stacktrace information)
Command duration or timeout: 1.09 seconds
For documentation on this error, please visit: http://seleniumhq.org/exceptions/no_such_element.html
Build info: version: &apos;3.0.1&apos;, revision: &apos;1969d75&apos;, time: &apos;2016-10-18 09:49:13 -0700&apos;
System info: host: &apos;DESKTOP-IN4UB21&apos;, ip: &apos;10.0.75.1&apos;, os.name: &apos;Windows 10&apos;, os.arch: &apos;amd64&apos;, os.version: &apos;10.0&apos;, java.version: &apos;1.8.0_201&apos;
Driver info: org.openqa.selenium.remote.RemoteWebDriver
Capabilities [{mobileEmulationEnabled=false, timeouts={implicit=0, pageLoad=300000, script=30000}, hasTouchScreen=false, platform=LINUX, acceptSslCerts=false, goog:chromeOptions={debuggerAddress=localhost:44899}, acceptInsecureCerts=false, webStorageEnabled=true, browserName=chrome, takesScreenshot=true, javascriptEnabled=true, setWindowRect=true, unexpectedAlertBehaviour=ignore, applicationCacheEnabled=false, rotatable=false, networkConnectionEnabled=false, chrome={chromedriverVersion=2.46.628388 (4a34a70827ac54148e092aafb70504c4ea7ae926), userDataDir=/tmp/.org.chromium.Chromium.I0cUFv}, takesHeapSnapshot=true, pageLoadStrategy=normal, strictFileInteractability=false, databaseEnabled=false, handlesAlerts=true, version=72.0.3626.81, browserConnectionEnabled=false, proxy={}, nativeEvents=true, webdriver.remote.sessionid=f107d96fe096bebb1f69e12df8afeff9, locationContextEnabled=true, cssSelectorsEnabled=true}]
Session ID: f107d96fe096bebb1f69e12df8afeff9
*** Element info: {Using=id, value=navigationView.Adressen.Profil importieren}
	at sun.reflect.NativeConstructorAccessorImpl.newInstance0(Native Method)
	at sun.reflect.NativeConstructorAccessorImpl.newInstance(NativeConstructorAccessorImpl.java:62)
	at sun.reflect.DelegatingConstructorAccessorImpl.newInstance(DelegatingConstructorAccessorImpl.java:45)
	at java.lang.reflect.Constructor.newInstance(Constructor.java:423)
	at org.openqa.selenium.remote.ErrorHandler.createThrowable(ErrorHandler.java:216)
	at org.openqa.selenium.remote.ErrorHandler.throwIfResponseFailed(ErrorHandler.java:168)
	at org.openqa.selenium.remote.RemoteWebDriver.execute(RemoteWebDriver.java:635)
	at org.openqa.selenium.remote.RemoteWebDriver.findElement(RemoteWebDriver.java:368)
	at org.openqa.selenium.remote.RemoteWebDriver.findElementById(RemoteWebDriver.java:417)
	at org.openqa.selenium.By$ById.findElement(By.java:218)
	at org.openqa.selenium.remote.RemoteWebDriver.findElement(RemoteWebDriver.java:360)
	at de.neusta.b4u.steps.menu.MenuSteps.all_the_onmouse_over_entries_looked_for_are_being_displayed(MenuSteps.java:66)
	at ✽.Then all the onmouse over entries looked for are being displayed(accountMenuAddresses.feature:11)
</error>
  </testcase>
  <testcase classname="Scenario: Check menu entries addresses" name="Scenario: Check menu entries addresses" time="0.005">
    <error message="no such element: Unable to locate element: {&quot;method&quot;:&quot;id&quot;,&quot;selector&quot;:&quot;navigationView.Adressen.Profil importieren&quot;}
  (Session info: chrome=72.0.3626.81)
  (Driver info: chromedriver=2.46.628388 (4a34a70827ac54148e092aafb70504c4ea7ae926),platform=Linux 4.9.125-linuxkit x86_64) (WARNING: The server did not provide any stacktrace information)
Command duration or timeout: 1.09 seconds
For documentation on this error, please visit: http://seleniumhq.org/exceptions/no_such_element.html
Build info: version: &apos;3.0.1&apos;, revision: &apos;1969d75&apos;, time: &apos;2016-10-18 09:49:13 -0700&apos;
System info: host: &apos;DESKTOP-IN4UB21&apos;, ip: &apos;10.0.75.1&apos;, os.name: &apos;Windows 10&apos;, os.arch: &apos;amd64&apos;, os.version: &apos;10.0&apos;, java.version: &apos;1.8.0_201&apos;
Driver info: org.openqa.selenium.remote.RemoteWebDriver
Capabilities [{mobileEmulationEnabled=false, timeouts={implicit=0, pageLoad=300000, script=30000}, hasTouchScreen=false, platform=LINUX, acceptSslCerts=false, goog:chromeOptions={debuggerAddress=localhost:44899}, acceptInsecureCerts=false, webStorageEnabled=true, browserName=chrome, takesScreenshot=true, javascriptEnabled=true, setWindowRect=true, unexpectedAlertBehaviour=ignore, applicationCacheEnabled=false, rotatable=false, networkConnectionEnabled=false, chrome={chromedriverVersion=2.46.628388 (4a34a70827ac54148e092aafb70504c4ea7ae926), userDataDir=/tmp/.org.chromium.Chromium.I0cUFv}, takesHeapSnapshot=true, pageLoadStrategy=normal, strictFileInteractability=false, databaseEnabled=false, handlesAlerts=true, version=72.0.3626.81, browserConnectionEnabled=false, proxy={}, nativeEvents=true, webdriver.remote.sessionid=f107d96fe096bebb1f69e12df8afeff9, locationContextEnabled=true, cssSelectorsEnabled=true}]
Session ID: f107d96fe096bebb1f69e12df8afeff9
*** Element info: {Using=id, value=navigationView.Adressen.Profil importieren}" type="org.openqa.selenium.NoSuchElementException">org.openqa.selenium.NoSuchElementException: no such element: Unable to locate element: {&quot;method&quot;:&quot;id&quot;,&quot;selector&quot;:&quot;navigationView.Adressen.Profil importieren&quot;}
  (Session info: chrome=72.0.3626.81)
  (Driver info: chromedriver=2.46.628388 (4a34a70827ac54148e092aafb70504c4ea7ae926),platform=Linux 4.9.125-linuxkit x86_64) (WARNING: The server did not provide any stacktrace information)
Command duration or timeout: 1.09 seconds
For documentation on this error, please visit: http://seleniumhq.org/exceptions/no_such_element.html
Build info: version: &apos;3.0.1&apos;, revision: &apos;1969d75&apos;, time: &apos;2016-10-18 09:49:13 -0700&apos;
System info: host: &apos;DESKTOP-IN4UB21&apos;, ip: &apos;10.0.75.1&apos;, os.name: &apos;Windows 10&apos;, os.arch: &apos;amd64&apos;, os.version: &apos;10.0&apos;, java.version: &apos;1.8.0_201&apos;
Driver info: org.openqa.selenium.remote.RemoteWebDriver
Capabilities [{mobileEmulationEnabled=false, timeouts={implicit=0, pageLoad=300000, script=30000}, hasTouchScreen=false, platform=LINUX, acceptSslCerts=false, goog:chromeOptions={debuggerAddress=localhost:44899}, acceptInsecureCerts=false, webStorageEnabled=true, browserName=chrome, takesScreenshot=true, javascriptEnabled=true, setWindowRect=true, unexpectedAlertBehaviour=ignore, applicationCacheEnabled=false, rotatable=false, networkConnectionEnabled=false, chrome={chromedriverVersion=2.46.628388 (4a34a70827ac54148e092aafb70504c4ea7ae926), userDataDir=/tmp/.org.chromium.Chromium.I0cUFv}, takesHeapSnapshot=true, pageLoadStrategy=normal, strictFileInteractability=false, databaseEnabled=false, handlesAlerts=true, version=72.0.3626.81, browserConnectionEnabled=false, proxy={}, nativeEvents=true, webdriver.remote.sessionid=f107d96fe096bebb1f69e12df8afeff9, locationContextEnabled=true, cssSelectorsEnabled=true}]
Session ID: f107d96fe096bebb1f69e12df8afeff9
*** Element info: {Using=id, value=navigationView.Adressen.Profil importieren}
	at sun.reflect.NativeConstructorAccessorImpl.newInstance0(Native Method)
	at sun.reflect.NativeConstructorAccessorImpl.newInstance(NativeConstructorAccessorImpl.java:62)
	at sun.reflect.DelegatingConstructorAccessorImpl.newInstance(DelegatingConstructorAccessorImpl.java:45)
	at java.lang.reflect.Constructor.newInstance(Constructor.java:423)
	at org.openqa.selenium.remote.ErrorHandler.createThrowable(ErrorHandler.java:216)
	at org.openqa.selenium.remote.ErrorHandler.throwIfResponseFailed(ErrorHandler.java:168)
	at org.openqa.selenium.remote.RemoteWebDriver.execute(RemoteWebDriver.java:635)
	at org.openqa.selenium.remote.RemoteWebDriver.findElement(RemoteWebDriver.java:368)
	at org.openqa.selenium.remote.RemoteWebDriver.findElementById(RemoteWebDriver.java:417)
	at org.openqa.selenium.By$ById.findElement(By.java:218)
	at org.openqa.selenium.remote.RemoteWebDriver.findElement(RemoteWebDriver.java:360)
	at de.neusta.b4u.steps.menu.MenuSteps.all_the_onmouse_over_entries_looked_for_are_being_displayed(MenuSteps.java:66)
	at ✽.Then all the onmouse over entries looked for are being displayed(accountMenuAddresses.feature:11)
</error>
  </testcase>
  <testcase classname="| Person Alle | navigationView.Adressen.Person Alle | \/addresslist\/person |" name="Given I have logged into my account as standard user" time="0"/>
  <testcase classname="| Person Alle | navigationView.Adressen.Person Alle | \/addresslist\/person |" name="When I look at the menu entry \&quot;navigationView.addresslist.Adressen\&quot;" time="0"/>
  <testcase classname="| Person Alle | navigationView.Adressen.Person Alle | \/addresslist\/person |" name="And I click on the menu entry \&quot;navigationView.Adressen.Person Alle\&quot;" time="0"/>
  <testcase classname="| Person Alle | navigationView.Adressen.Person Alle | \/addresslist\/person |" name="Then the target page is being displayed \&quot;\/addresslist\/person\&quot;" time="0"/>
  <testcase classname="| Person Alle | navigationView.Adressen.Person Alle | \/addresslist\/person |" name="| Person Alle | navigationView.Adressen.Person Alle | \/addresslist\/person |" time="0.178"/>
  <testcase classname="| Firma Alle | navigationView.Adressen.Firma Alle | \/addresslist\/company |" name="Given I have logged into my account as standard user" time="0"/>
  <testcase classname="| Firma Alle | navigationView.Adressen.Firma Alle | \/addresslist\/company |" name="When I look at the menu entry \&quot;navigationView.addresslist.Adressen\&quot;" time="0"/>
  <testcase classname="| Firma Alle | navigationView.Adressen.Firma Alle | \/addresslist\/company |" name="And I click on the menu entry \&quot;navigationView.Adressen.Firma Alle\&quot;" time="0"/>
  <testcase classname="| Firma Alle | navigationView.Adressen.Firma Alle | \/addresslist\/company |" name="Then the target page is being displayed \&quot;\/addresslist\/company\&quot;" time="0"/>
  <testcase classname="| Firma Alle | navigationView.Adressen.Firma Alle | \/addresslist\/company |" name="| Firma Alle | navigationView.Adressen.Firma Alle | \/addresslist\/company |" time="0.07"/>
  <testcase classname="| Person Neu | navigationView.Adressen.Person Neu | \/person\/create |" name="Given I have logged into my account as standard user" time="0"/>
  <testcase classname="| Person Neu | navigationView.Adressen.Person Neu | \/person\/create |" name="When I look at the menu entry \&quot;navigationView.addresslist.Adressen\&quot;" time="0"/>
  <testcase classname="| Person Neu | navigationView.Adressen.Person Neu | \/person\/create |" name="And I click on the menu entry \&quot;navigationView.Adressen.Person Neu\&quot;" time="0"/>
  <testcase classname="| Person Neu | navigationView.Adressen.Person Neu | \/person\/create |" name="Then the target page is being displayed \&quot;\/person\/create\&quot;" time="0"/>
  <testcase classname="| Person Neu | navigationView.Adressen.Person Neu | \/person\/create |" name="| Person Neu | navigationView.Adressen.Person Neu | \/person\/create |" time="0.126"/>
  <testcase classname="| Firma Neu | navigationView.Adressen.Firma Neu | \/company\/create |" name="Given I have logged into my account as standard user" time="0"/>
  <testcase classname="| Firma Neu | navigationView.Adressen.Firma Neu | \/company\/create |" name="When I look at the menu entry \&quot;navigationView.addresslist.Adressen\&quot;" time="0"/>
  <testcase classname="| Firma Neu | navigationView.Adressen.Firma Neu | \/company\/create |" name="And I click on the menu entry \&quot;navigationView.Adressen.Firma Neu\&quot;" time="0"/>
  <testcase classname="| Firma Neu | navigationView.Adressen.Firma Neu | \/company\/create |" name="Then the target page is being displayed \&quot;\/company\/create\&quot;" time="0"/>
  <testcase classname="| Firma Neu | navigationView.Adressen.Firma Neu | \/company\/create |" name="| Firma Neu | navigationView.Adressen.Firma Neu | \/company\/create |" time="0.074"/>
  <testcase classname="| Profil importieren | navigationView.Adressen.Profil importieren | \/profile\/create |" name="Given I have logged into my account as standard user" time="0"/>
  <testcase classname="| Profil importieren | navigationView.Adressen.Profil importieren | \/profile\/create |" name="When I look at the menu entry \&quot;navigationView.addresslist.Adressen\&quot;" time="0"/>
  <testcase classname="| Profil importieren | navigationView.Adressen.Profil importieren | \/profile\/create |" name="And I click on the menu entry \&quot;navigationView.Adressen.Profil importieren\&quot;" time="0.002">
    <error message="no such element: Unable to locate element: {&quot;method&quot;:&quot;id&quot;,&quot;selector&quot;:&quot;navigationView.Adressen.Profil importieren&quot;}
  (Session info: chrome=72.0.3626.81)
  (Driver info: chromedriver=2.46.628388 (4a34a70827ac54148e092aafb70504c4ea7ae926),platform=Linux 4.9.125-linuxkit x86_64) (WARNING: The server did not provide any stacktrace information)
Command duration or timeout: 1.03 seconds
For documentation on this error, please visit: http://seleniumhq.org/exceptions/no_such_element.html
Build info: version: &apos;3.0.1&apos;, revision: &apos;1969d75&apos;, time: &apos;2016-10-18 09:49:13 -0700&apos;
System info: host: &apos;DESKTOP-IN4UB21&apos;, ip: &apos;10.0.75.1&apos;, os.name: &apos;Windows 10&apos;, os.arch: &apos;amd64&apos;, os.version: &apos;10.0&apos;, java.version: &apos;1.8.0_201&apos;
Driver info: org.openqa.selenium.remote.RemoteWebDriver
Capabilities [{mobileEmulationEnabled=false, timeouts={implicit=0, pageLoad=300000, script=30000}, hasTouchScreen=false, platform=LINUX, acceptSslCerts=false, goog:chromeOptions={debuggerAddress=localhost:45495}, acceptInsecureCerts=false, webStorageEnabled=true, browserName=chrome, takesScreenshot=true, javascriptEnabled=true, setWindowRect=true, unexpectedAlertBehaviour=ignore, applicationCacheEnabled=false, rotatable=false, networkConnectionEnabled=false, chrome={chromedriverVersion=2.46.628388 (4a34a70827ac54148e092aafb70504c4ea7ae926), userDataDir=/tmp/.org.chromium.Chromium.29kGnu}, takesHeapSnapshot=true, pageLoadStrategy=normal, strictFileInteractability=false, databaseEnabled=false, handlesAlerts=true, version=72.0.3626.81, browserConnectionEnabled=false, proxy={}, nativeEvents=true, webdriver.remote.sessionid=64b9d6d3cb93c802afea9d85dcd3eca0, locationContextEnabled=true, cssSelectorsEnabled=true}]
Session ID: 64b9d6d3cb93c802afea9d85dcd3eca0
*** Element info: {Using=id, value=navigationView.Adressen.Profil importieren}" type="org.openqa.selenium.NoSuchElementException">org.openqa.selenium.NoSuchElementException: no such element: Unable to locate element: {&quot;method&quot;:&quot;id&quot;,&quot;selector&quot;:&quot;navigationView.Adressen.Profil importieren&quot;}
  (Session info: chrome=72.0.3626.81)
  (Driver info: chromedriver=2.46.628388 (4a34a70827ac54148e092aafb70504c4ea7ae926),platform=Linux 4.9.125-linuxkit x86_64) (WARNING: The server did not provide any stacktrace information)
Command duration or timeout: 1.03 seconds
For documentation on this error, please visit: http://seleniumhq.org/exceptions/no_such_element.html
Build info: version: &apos;3.0.1&apos;, revision: &apos;1969d75&apos;, time: &apos;2016-10-18 09:49:13 -0700&apos;
System info: host: &apos;DESKTOP-IN4UB21&apos;, ip: &apos;10.0.75.1&apos;, os.name: &apos;Windows 10&apos;, os.arch: &apos;amd64&apos;, os.version: &apos;10.0&apos;, java.version: &apos;1.8.0_201&apos;
Driver info: org.openqa.selenium.remote.RemoteWebDriver
Capabilities [{mobileEmulationEnabled=false, timeouts={implicit=0, pageLoad=300000, script=30000}, hasTouchScreen=false, platform=LINUX, acceptSslCerts=false, goog:chromeOptions={debuggerAddress=localhost:45495}, acceptInsecureCerts=false, webStorageEnabled=true, browserName=chrome, takesScreenshot=true, javascriptEnabled=true, setWindowRect=true, unexpectedAlertBehaviour=ignore, applicationCacheEnabled=false, rotatable=false, networkConnectionEnabled=false, chrome={chromedriverVersion=2.46.628388 (4a34a70827ac54148e092aafb70504c4ea7ae926), userDataDir=/tmp/.org.chromium.Chromium.29kGnu}, takesHeapSnapshot=true, pageLoadStrategy=normal, strictFileInteractability=false, databaseEnabled=false, handlesAlerts=true, version=72.0.3626.81, browserConnectionEnabled=false, proxy={}, nativeEvents=true, webdriver.remote.sessionid=64b9d6d3cb93c802afea9d85dcd3eca0, locationContextEnabled=true, cssSelectorsEnabled=true}]
Session ID: 64b9d6d3cb93c802afea9d85dcd3eca0
*** Element info: {Using=id, value=navigationView.Adressen.Profil importieren}
	at sun.reflect.NativeConstructorAccessorImpl.newInstance0(Native Method)
	at sun.reflect.NativeConstructorAccessorImpl.newInstance(NativeConstructorAccessorImpl.java:62)
	at sun.reflect.DelegatingConstructorAccessorImpl.newInstance(DelegatingConstructorAccessorImpl.java:45)
	at java.lang.reflect.Constructor.newInstance(Constructor.java:423)
	at org.openqa.selenium.remote.ErrorHandler.createThrowable(ErrorHandler.java:216)
	at org.openqa.selenium.remote.ErrorHandler.throwIfResponseFailed(ErrorHandler.java:168)
	at org.openqa.selenium.remote.RemoteWebDriver.execute(RemoteWebDriver.java:635)
	at org.openqa.selenium.remote.RemoteWebDriver.findElement(RemoteWebDriver.java:368)
	at org.openqa.selenium.remote.RemoteWebDriver.findElementById(RemoteWebDriver.java:417)
	at org.openqa.selenium.By$ById.findElement(By.java:218)
	at org.openqa.selenium.remote.RemoteWebDriver.findElement(RemoteWebDriver.java:360)
	at de.neusta.b4u.steps.menu.MenuSteps.i_click_on_the_menu_entry(MenuSteps.java:52)
	at ✽.And I click on the menu entry &quot;navigationView.Adressen.Profil importieren&quot;(accountMenuAddresses.feature:22)
</error>
  </testcase>
  <testcase classname="| Profil importieren | navigationView.Adressen.Profil importieren | \/profile\/create |" name="| Profil importieren | navigationView.Adressen.Profil importieren | \/profile\/create |" time="0.004">
    <error message="no such element: Unable to locate element: {&quot;method&quot;:&quot;id&quot;,&quot;selector&quot;:&quot;navigationView.Adressen.Profil importieren&quot;}
  (Session info: chrome=72.0.3626.81)
  (Driver info: chromedriver=2.46.628388 (4a34a70827ac54148e092aafb70504c4ea7ae926),platform=Linux 4.9.125-linuxkit x86_64) (WARNING: The server did not provide any stacktrace information)
Command duration or timeout: 1.03 seconds
For documentation on this error, please visit: http://seleniumhq.org/exceptions/no_such_element.html
Build info: version: &apos;3.0.1&apos;, revision: &apos;1969d75&apos;, time: &apos;2016-10-18 09:49:13 -0700&apos;
System info: host: &apos;DESKTOP-IN4UB21&apos;, ip: &apos;10.0.75.1&apos;, os.name: &apos;Windows 10&apos;, os.arch: &apos;amd64&apos;, os.version: &apos;10.0&apos;, java.version: &apos;1.8.0_201&apos;
Driver info: org.openqa.selenium.remote.RemoteWebDriver
Capabilities [{mobileEmulationEnabled=false, timeouts={implicit=0, pageLoad=300000, script=30000}, hasTouchScreen=false, platform=LINUX, acceptSslCerts=false, goog:chromeOptions={debuggerAddress=localhost:45495}, acceptInsecureCerts=false, webStorageEnabled=true, browserName=chrome, takesScreenshot=true, javascriptEnabled=true, setWindowRect=true, unexpectedAlertBehaviour=ignore, applicationCacheEnabled=false, rotatable=false, networkConnectionEnabled=false, chrome={chromedriverVersion=2.46.628388 (4a34a70827ac54148e092aafb70504c4ea7ae926), userDataDir=/tmp/.org.chromium.Chromium.29kGnu}, takesHeapSnapshot=true, pageLoadStrategy=normal, strictFileInteractability=false, databaseEnabled=false, handlesAlerts=true, version=72.0.3626.81, browserConnectionEnabled=false, proxy={}, nativeEvents=true, webdriver.remote.sessionid=64b9d6d3cb93c802afea9d85dcd3eca0, locationContextEnabled=true, cssSelectorsEnabled=true}]
Session ID: 64b9d6d3cb93c802afea9d85dcd3eca0
*** Element info: {Using=id, value=navigationView.Adressen.Profil importieren}" type="org.openqa.selenium.NoSuchElementException">org.openqa.selenium.NoSuchElementException: no such element: Unable to locate element: {&quot;method&quot;:&quot;id&quot;,&quot;selector&quot;:&quot;navigationView.Adressen.Profil importieren&quot;}
  (Session info: chrome=72.0.3626.81)
  (Driver info: chromedriver=2.46.628388 (4a34a70827ac54148e092aafb70504c4ea7ae926),platform=Linux 4.9.125-linuxkit x86_64) (WARNING: The server did not provide any stacktrace information)
Command duration or timeout: 1.03 seconds
For documentation on this error, please visit: http://seleniumhq.org/exceptions/no_such_element.html
Build info: version: &apos;3.0.1&apos;, revision: &apos;1969d75&apos;, time: &apos;2016-10-18 09:49:13 -0700&apos;
System info: host: &apos;DESKTOP-IN4UB21&apos;, ip: &apos;10.0.75.1&apos;, os.name: &apos;Windows 10&apos;, os.arch: &apos;amd64&apos;, os.version: &apos;10.0&apos;, java.version: &apos;1.8.0_201&apos;
Driver info: org.openqa.selenium.remote.RemoteWebDriver
Capabilities [{mobileEmulationEnabled=false, timeouts={implicit=0, pageLoad=300000, script=30000}, hasTouchScreen=false, platform=LINUX, acceptSslCerts=false, goog:chromeOptions={debuggerAddress=localhost:45495}, acceptInsecureCerts=false, webStorageEnabled=true, browserName=chrome, takesScreenshot=true, javascriptEnabled=true, setWindowRect=true, unexpectedAlertBehaviour=ignore, applicationCacheEnabled=false, rotatable=false, networkConnectionEnabled=false, chrome={chromedriverVersion=2.46.628388 (4a34a70827ac54148e092aafb70504c4ea7ae926), userDataDir=/tmp/.org.chromium.Chromium.29kGnu}, takesHeapSnapshot=true, pageLoadStrategy=normal, strictFileInteractability=false, databaseEnabled=false, handlesAlerts=true, version=72.0.3626.81, browserConnectionEnabled=false, proxy={}, nativeEvents=true, webdriver.remote.sessionid=64b9d6d3cb93c802afea9d85dcd3eca0, locationContextEnabled=true, cssSelectorsEnabled=true}]
Session ID: 64b9d6d3cb93c802afea9d85dcd3eca0
*** Element info: {Using=id, value=navigationView.Adressen.Profil importieren}
	at sun.reflect.NativeConstructorAccessorImpl.newInstance0(Native Method)
	at sun.reflect.NativeConstructorAccessorImpl.newInstance(NativeConstructorAccessorImpl.java:62)
	at sun.reflect.DelegatingConstructorAccessorImpl.newInstance(DelegatingConstructorAccessorImpl.java:45)
	at java.lang.reflect.Constructor.newInstance(Constructor.java:423)
	at org.openqa.selenium.remote.ErrorHandler.createThrowable(ErrorHandler.java:216)
	at org.openqa.selenium.remote.ErrorHandler.throwIfResponseFailed(ErrorHandler.java:168)
	at org.openqa.selenium.remote.RemoteWebDriver.execute(RemoteWebDriver.java:635)
	at org.openqa.selenium.remote.RemoteWebDriver.findElement(RemoteWebDriver.java:368)
	at org.openqa.selenium.remote.RemoteWebDriver.findElementById(RemoteWebDriver.java:417)
	at org.openqa.selenium.By$ById.findElement(By.java:218)
	at org.openqa.selenium.remote.RemoteWebDriver.findElement(RemoteWebDriver.java:360)
	at de.neusta.b4u.steps.menu.MenuSteps.i_click_on_the_menu_entry(MenuSteps.java:52)
	at ✽.And I click on the menu entry &quot;navigationView.Adressen.Profil importieren&quot;(accountMenuAddresses.feature:22)
</error>
  </testcase>
  <testcase classname="| Profil importieren | navigationView.Adressen.Profil importieren | \/profile\/create |" name="Then the target page is being displayed \&quot;\/profile\/create\&quot;" time="0.005">
    <skipped/>
  </testcase>
  <testcase classname="Scenario: Check elements addresses menu company all" name="Given I have logged into my account as standard user" time="0"/>
  <testcase classname="Scenario: Check elements addresses menu company all" name="When I am on the company address list page" time="0"/>
  <testcase classname="Scenario: Check elements addresses menu company all" name="Then all the elements looked for are being displayed" time="0.001">
    <failure message="companyAddressTableView.nameOrId is displayed" type="java.lang.AssertionError">java.lang.AssertionError: companyAddressTableView.nameOrId is displayed
	at org.junit.Assert.fail(Assert.java:88)
	at org.junit.Assert.assertTrue(Assert.java:41)
	at de.neusta.b4u.steps.BaseSteps.all_the_elements_looked_for_are_being_displayed(BaseSteps.java:66)
	at ✽.Then all the elements looked for are being displayed(accountMenuAddressesCompanyAll.feature:10)
</failure>
  </testcase>
  <testcase classname="Scenario: Check elements addresses menu company all" name="Scenario: Check elements addresses menu company all" time="0.001">
    <failure message="companyAddressTableView.nameOrId is displayed" type="java.lang.AssertionError">java.lang.AssertionError: companyAddressTableView.nameOrId is displayed
	at org.junit.Assert.fail(Assert.java:88)
	at org.junit.Assert.assertTrue(Assert.java:41)
	at de.neusta.b4u.steps.BaseSteps.all_the_elements_looked_for_are_being_displayed(BaseSteps.java:66)
	at ✽.Then all the elements looked for are being displayed(accountMenuAddressesCompanyAll.feature:10)
</failure>
  </testcase>
  <testcase classname="Scenario: Check dropdown entries addresses menu company all" name="Given I have logged into my account as standard user" time="0"/>
  <testcase classname="Scenario: Check dropdown entries addresses menu company all" name="When I am on the company address list page" time="0"/>
  <testcase classname="Scenario: Check dropdown entries addresses menu company all" name="Then the dropdown menu \&quot;companyAddressTableView.contactTypes\&quot; contains the following items" time="0.002">
    <error message="no such element: Unable to locate element: {&quot;method&quot;:&quot;id&quot;,&quot;selector&quot;:&quot;companyAddressTableView.contactTypes&quot;}
  (Session info: chrome=72.0.3626.81)
  (Driver info: chromedriver=2.46.628388 (4a34a70827ac54148e092aafb70504c4ea7ae926),platform=Linux 4.9.125-linuxkit x86_64) (WARNING: The server did not provide any stacktrace information)
Command duration or timeout: 1.03 seconds
For documentation on this error, please visit: http://seleniumhq.org/exceptions/no_such_element.html
Build info: version: &apos;3.0.1&apos;, revision: &apos;1969d75&apos;, time: &apos;2016-10-18 09:49:13 -0700&apos;
System info: host: &apos;DESKTOP-IN4UB21&apos;, ip: &apos;10.0.75.1&apos;, os.name: &apos;Windows 10&apos;, os.arch: &apos;amd64&apos;, os.version: &apos;10.0&apos;, java.version: &apos;1.8.0_201&apos;
Driver info: org.openqa.selenium.remote.RemoteWebDriver
Capabilities [{mobileEmulationEnabled=false, timeouts={implicit=0, pageLoad=300000, script=30000}, hasTouchScreen=false, platform=LINUX, acceptSslCerts=false, goog:chromeOptions={debuggerAddress=localhost:35511}, acceptInsecureCerts=false, webStorageEnabled=true, browserName=chrome, takesScreenshot=true, javascriptEnabled=true, setWindowRect=true, unexpectedAlertBehaviour=ignore, applicationCacheEnabled=false, rotatable=false, networkConnectionEnabled=false, chrome={chromedriverVersion=2.46.628388 (4a34a70827ac54148e092aafb70504c4ea7ae926), userDataDir=/tmp/.org.chromium.Chromium.k3CfcY}, takesHeapSnapshot=true, pageLoadStrategy=normal, strictFileInteractability=false, databaseEnabled=false, handlesAlerts=true, version=72.0.3626.81, browserConnectionEnabled=false, proxy={}, nativeEvents=true, webdriver.remote.sessionid=6dcf75fc8a1eae216bb9aa8d4455e009, locationContextEnabled=true, cssSelectorsEnabled=true}]
Session ID: 6dcf75fc8a1eae216bb9aa8d4455e009
*** Element info: {Using=id, value=companyAddressTableView.contactTypes}" type="org.openqa.selenium.NoSuchElementException">org.openqa.selenium.NoSuchElementException: no such element: Unable to locate element: {&quot;method&quot;:&quot;id&quot;,&quot;selector&quot;:&quot;companyAddressTableView.contactTypes&quot;}
  (Session info: chrome=72.0.3626.81)
  (Driver info: chromedriver=2.46.628388 (4a34a70827ac54148e092aafb70504c4ea7ae926),platform=Linux 4.9.125-linuxkit x86_64) (WARNING: The server did not provide any stacktrace information)
Command duration or timeout: 1.03 seconds
For documentation on this error, please visit: http://seleniumhq.org/exceptions/no_such_element.html
Build info: version: &apos;3.0.1&apos;, revision: &apos;1969d75&apos;, time: &apos;2016-10-18 09:49:13 -0700&apos;
System info: host: &apos;DESKTOP-IN4UB21&apos;, ip: &apos;10.0.75.1&apos;, os.name: &apos;Windows 10&apos;, os.arch: &apos;amd64&apos;, os.version: &apos;10.0&apos;, java.version: &apos;1.8.0_201&apos;
Driver info: org.openqa.selenium.remote.RemoteWebDriver
Capabilities [{mobileEmulationEnabled=false, timeouts={implicit=0, pageLoad=300000, script=30000}, hasTouchScreen=false, platform=LINUX, acceptSslCerts=false, goog:chromeOptions={debuggerAddress=localhost:35511}, acceptInsecureCerts=false, webStorageEnabled=true, browserName=chrome, takesScreenshot=true, javascriptEnabled=true, setWindowRect=true, unexpectedAlertBehaviour=ignore, applicationCacheEnabled=false, rotatable=false, networkConnectionEnabled=false, chrome={chromedriverVersion=2.46.628388 (4a34a70827ac54148e092aafb70504c4ea7ae926), userDataDir=/tmp/.org.chromium.Chromium.k3CfcY}, takesHeapSnapshot=true, pageLoadStrategy=normal, strictFileInteractability=false, databaseEnabled=false, handlesAlerts=true, version=72.0.3626.81, browserConnectionEnabled=false, proxy={}, nativeEvents=true, webdriver.remote.sessionid=6dcf75fc8a1eae216bb9aa8d4455e009, locationContextEnabled=true, cssSelectorsEnabled=true}]
Session ID: 6dcf75fc8a1eae216bb9aa8d4455e009
*** Element info: {Using=id, value=companyAddressTableView.contactTypes}
	at sun.reflect.NativeConstructorAccessorImpl.newInstance0(Native Method)
	at sun.reflect.NativeConstructorAccessorImpl.newInstance(NativeConstructorAccessorImpl.java:62)
	at sun.reflect.DelegatingConstructorAccessorImpl.newInstance(DelegatingConstructorAccessorImpl.java:45)
	at java.lang.reflect.Constructor.newInstance(Constructor.java:423)
	at org.openqa.selenium.remote.ErrorHandler.createThrowable(ErrorHandler.java:216)
	at org.openqa.selenium.remote.ErrorHandler.throwIfResponseFailed(ErrorHandler.java:168)
	at org.openqa.selenium.remote.RemoteWebDriver.execute(RemoteWebDriver.java:635)
	at org.openqa.selenium.remote.RemoteWebDriver.findElement(RemoteWebDriver.java:368)
	at org.openqa.selenium.remote.RemoteWebDriver.findElementById(RemoteWebDriver.java:417)
	at org.openqa.selenium.By$ById.findElement(By.java:218)
	at org.openqa.selenium.remote.RemoteWebDriver.findElement(RemoteWebDriver.java:360)
	at de.neusta.b4u.steps.BaseSteps.the_dropdown_menu_contains_the_following_items(BaseSteps.java:72)
	at ✽.Then the dropdown menu &quot;companyAddressTableView.contactTypes&quot; contains the following items(accountMenuAddressesCompanyAll.feature:27)
</error>
  </testcase>
  <testcase classname="Scenario: Check dropdown entries addresses menu company all" name="Scenario: Check dropdown entries addresses menu company all" time="0.004">
    <error message="no such element: Unable to locate element: {&quot;method&quot;:&quot;id&quot;,&quot;selector&quot;:&quot;companyAddressTableView.contactTypes&quot;}
  (Session info: chrome=72.0.3626.81)
  (Driver info: chromedriver=2.46.628388 (4a34a70827ac54148e092aafb70504c4ea7ae926),platform=Linux 4.9.125-linuxkit x86_64) (WARNING: The server did not provide any stacktrace information)
Command duration or timeout: 1.03 seconds
For documentation on this error, please visit: http://seleniumhq.org/exceptions/no_such_element.html
Build info: version: &apos;3.0.1&apos;, revision: &apos;1969d75&apos;, time: &apos;2016-10-18 09:49:13 -0700&apos;
System info: host: &apos;DESKTOP-IN4UB21&apos;, ip: &apos;10.0.75.1&apos;, os.name: &apos;Windows 10&apos;, os.arch: &apos;amd64&apos;, os.version: &apos;10.0&apos;, java.version: &apos;1.8.0_201&apos;
Driver info: org.openqa.selenium.remote.RemoteWebDriver
Capabilities [{mobileEmulationEnabled=false, timeouts={implicit=0, pageLoad=300000, script=30000}, hasTouchScreen=false, platform=LINUX, acceptSslCerts=false, goog:chromeOptions={debuggerAddress=localhost:35511}, acceptInsecureCerts=false, webStorageEnabled=true, browserName=chrome, takesScreenshot=true, javascriptEnabled=true, setWindowRect=true, unexpectedAlertBehaviour=ignore, applicationCacheEnabled=false, rotatable=false, networkConnectionEnabled=false, chrome={chromedriverVersion=2.46.628388 (4a34a70827ac54148e092aafb70504c4ea7ae926), userDataDir=/tmp/.org.chromium.Chromium.k3CfcY}, takesHeapSnapshot=true, pageLoadStrategy=normal, strictFileInteractability=false, databaseEnabled=false, handlesAlerts=true, version=72.0.3626.81, browserConnectionEnabled=false, proxy={}, nativeEvents=true, webdriver.remote.sessionid=6dcf75fc8a1eae216bb9aa8d4455e009, locationContextEnabled=true, cssSelectorsEnabled=true}]
Session ID: 6dcf75fc8a1eae216bb9aa8d4455e009
*** Element info: {Using=id, value=companyAddressTableView.contactTypes}" type="org.openqa.selenium.NoSuchElementException">org.openqa.selenium.NoSuchElementException: no such element: Unable to locate element: {&quot;method&quot;:&quot;id&quot;,&quot;selector&quot;:&quot;companyAddressTableView.contactTypes&quot;}
  (Session info: chrome=72.0.3626.81)
  (Driver info: chromedriver=2.46.628388 (4a34a70827ac54148e092aafb70504c4ea7ae926),platform=Linux 4.9.125-linuxkit x86_64) (WARNING: The server did not provide any stacktrace information)
Command duration or timeout: 1.03 seconds
For documentation on this error, please visit: http://seleniumhq.org/exceptions/no_such_element.html
Build info: version: &apos;3.0.1&apos;, revision: &apos;1969d75&apos;, time: &apos;2016-10-18 09:49:13 -0700&apos;
System info: host: &apos;DESKTOP-IN4UB21&apos;, ip: &apos;10.0.75.1&apos;, os.name: &apos;Windows 10&apos;, os.arch: &apos;amd64&apos;, os.version: &apos;10.0&apos;, java.version: &apos;1.8.0_201&apos;
Driver info: org.openqa.selenium.remote.RemoteWebDriver
Capabilities [{mobileEmulationEnabled=false, timeouts={implicit=0, pageLoad=300000, script=30000}, hasTouchScreen=false, platform=LINUX, acceptSslCerts=false, goog:chromeOptions={debuggerAddress=localhost:35511}, acceptInsecureCerts=false, webStorageEnabled=true, browserName=chrome, takesScreenshot=true, javascriptEnabled=true, setWindowRect=true, unexpectedAlertBehaviour=ignore, applicationCacheEnabled=false, rotatable=false, networkConnectionEnabled=false, chrome={chromedriverVersion=2.46.628388 (4a34a70827ac54148e092aafb70504c4ea7ae926), userDataDir=/tmp/.org.chromium.Chromium.k3CfcY}, takesHeapSnapshot=true, pageLoadStrategy=normal, strictFileInteractability=false, databaseEnabled=false, handlesAlerts=true, version=72.0.3626.81, browserConnectionEnabled=false, proxy={}, nativeEvents=true, webdriver.remote.sessionid=6dcf75fc8a1eae216bb9aa8d4455e009, locationContextEnabled=true, cssSelectorsEnabled=true}]
Session ID: 6dcf75fc8a1eae216bb9aa8d4455e009
*** Element info: {Using=id, value=companyAddressTableView.contactTypes}
	at sun.reflect.NativeConstructorAccessorImpl.newInstance0(Native Method)
	at sun.reflect.NativeConstructorAccessorImpl.newInstance(NativeConstructorAccessorImpl.java:62)
	at sun.reflect.DelegatingConstructorAccessorImpl.newInstance(DelegatingConstructorAccessorImpl.java:45)
	at java.lang.reflect.Constructor.newInstance(Constructor.java:423)
	at org.openqa.selenium.remote.ErrorHandler.createThrowable(ErrorHandler.java:216)
	at org.openqa.selenium.remote.ErrorHandler.throwIfResponseFailed(ErrorHandler.java:168)
	at org.openqa.selenium.remote.RemoteWebDriver.execute(RemoteWebDriver.java:635)
	at org.openqa.selenium.remote.RemoteWebDriver.findElement(RemoteWebDriver.java:368)
	at org.openqa.selenium.remote.RemoteWebDriver.findElementById(RemoteWebDriver.java:417)
	at org.openqa.selenium.By$ById.findElement(By.java:218)
	at org.openqa.selenium.remote.RemoteWebDriver.findElement(RemoteWebDriver.java:360)
	at de.neusta.b4u.steps.BaseSteps.the_dropdown_menu_contains_the_following_items(BaseSteps.java:72)
	at ✽.Then the dropdown menu &quot;companyAddressTableView.contactTypes&quot; contains the following items(accountMenuAddressesCompanyAll.feature:27)
</error>
  </testcase>
  <testcase classname="Scenario: Check if it is possible to navigate the create company page" name="Given I have logged into my account as standard user" time="0"/>
  <testcase classname="Scenario: Check if it is possible to navigate the create company page" name="And I am on the company address list page" time="0"/>
  <testcase classname="Scenario: Check if it is possible to navigate the create company page" name="When I want to create a new company" time="0.001">
    <failure message="Company list page is displayed" type="java.lang.AssertionError">java.lang.AssertionError: Company list page is displayed
	at org.junit.Assert.fail(Assert.java:88)
	at org.junit.Assert.assertTrue(Assert.java:41)
	at de.neusta.b4u.steps.addresses.AddressListCompanySteps.i_want_to_create_a_new_company(AddressListCompanySteps.java:87)
	at ✽.When I want to create a new company(accountMenuAddressesCompanyAll.feature:40)
</failure>
  </testcase>
  <testcase classname="Scenario: Check if it is possible to navigate the create company page" name="Scenario: Check if it is possible to navigate the create company page" time="0.001">
    <failure message="Company list page is displayed" type="java.lang.AssertionError">java.lang.AssertionError: Company list page is displayed
	at org.junit.Assert.fail(Assert.java:88)
	at org.junit.Assert.assertTrue(Assert.java:41)
	at de.neusta.b4u.steps.addresses.AddressListCompanySteps.i_want_to_create_a_new_company(AddressListCompanySteps.java:87)
	at ✽.When I want to create a new company(accountMenuAddressesCompanyAll.feature:40)
</failure>
  </testcase>
  <testcase classname="Scenario: Check if it is possible to navigate the create company page" name="Then the create company page is being displayed" time="0.001">
    <skipped/>
  </testcase>
  <testcase classname="Scenario: Check if it is possible to clear the search filter" name="Given I have logged into my account as standard user" time="0"/>
  <testcase classname="Scenario: Check if it is possible to clear the search filter" name="And I am on the company address list page" time="0"/>
  <testcase classname="Scenario: Check if it is possible to clear the search filter" name="And I provide the following data to the company search filter" time="0">
    <failure message="Company list page is displayed" type="java.lang.AssertionError">java.lang.AssertionError: Company list page is displayed
	at org.junit.Assert.fail(Assert.java:88)
	at org.junit.Assert.assertTrue(Assert.java:41)
	at de.neusta.b4u.steps.addresses.AddressListCompanySteps.i_provide_the_following_data_to_the_company_search_filter(AddressListCompanySteps.java:30)
	at ✽.And I provide the following data to the company search filter(accountMenuAddressesCompanyAll.feature:46)
</failure>
  </testcase>
  <testcase classname="Scenario: Check if it is possible to clear the search filter" name="Scenario: Check if it is possible to clear the search filter" time="0">
    <failure message="Company list page is displayed" type="java.lang.AssertionError">java.lang.AssertionError: Company list page is displayed
	at org.junit.Assert.fail(Assert.java:88)
	at org.junit.Assert.assertTrue(Assert.java:41)
	at de.neusta.b4u.steps.addresses.AddressListCompanySteps.i_provide_the_following_data_to_the_company_search_filter(AddressListCompanySteps.java:30)
	at ✽.And I provide the following data to the company search filter(accountMenuAddressesCompanyAll.feature:46)
</failure>
  </testcase>
  <testcase classname="Scenario: Check if it is possible to clear the search filter" name="When I clear the company search filter" time="0">
    <skipped/>
  </testcase>
  <testcase classname="Scenario: Check if it is possible to clear the search filter" name="Then the company search filter is empty" time="0.001">
    <skipped/>
  </testcase>
  <testcase classname="Scenario: Check if the search results match the search filter criteria" name="Given I have logged into my account as standard user" time="0"/>
  <testcase classname="Scenario: Check if the search results match the search filter criteria" name="And I am on the company address list page" time="0"/>
  <testcase classname="Scenario: Check if the search results match the search filter criteria" name="And I provide the following data to the company search filter" time="0">
    <failure message="Company list page is displayed" type="java.lang.AssertionError">java.lang.AssertionError: Company list page is displayed
	at org.junit.Assert.fail(Assert.java:88)
	at org.junit.Assert.assertTrue(Assert.java:41)
	at de.neusta.b4u.steps.addresses.AddressListCompanySteps.i_provide_the_following_data_to_the_company_search_filter(AddressListCompanySteps.java:30)
	at ✽.And I provide the following data to the company search filter(accountMenuAddressesCompanyAll.feature:59)
</failure>
  </testcase>
  <testcase classname="Scenario: Check if the search results match the search filter criteria" name="Scenario: Check if the search results match the search filter criteria" time="0">
    <failure message="Company list page is displayed" type="java.lang.AssertionError">java.lang.AssertionError: Company list page is displayed
	at org.junit.Assert.fail(Assert.java:88)
	at org.junit.Assert.assertTrue(Assert.java:41)
	at de.neusta.b4u.steps.addresses.AddressListCompanySteps.i_provide_the_following_data_to_the_company_search_filter(AddressListCompanySteps.java:30)
	at ✽.And I provide the following data to the company search filter(accountMenuAddressesCompanyAll.feature:59)
</failure>
  </testcase>
  <testcase classname="Scenario: Check if the search results match the search filter criteria" name="When I list the company search results" time="0">
    <skipped/>
  </testcase>
  <testcase classname="Scenario: Check if the search results match the search filter criteria" name="Then the company search results should only contain" time="0.001">
    <skipped/>
  </testcase>
  <testcase classname="Scenario: Check if the search filters are correct" name="Given I have logged into my account as standard user" time="0"/>
  <testcase classname="Scenario: Check if the search filters are correct" name="And I am on the company address list page" time="0"/>
  <testcase classname="Scenario: Check if the search filters are correct" name="And I provide the following data to the company search filter" time="0">
    <failure message="Company list page is displayed" type="java.lang.AssertionError">java.lang.AssertionError: Company list page is displayed
	at org.junit.Assert.fail(Assert.java:88)
	at org.junit.Assert.assertTrue(Assert.java:41)
	at de.neusta.b4u.steps.addresses.AddressListCompanySteps.i_provide_the_following_data_to_the_company_search_filter(AddressListCompanySteps.java:30)
	at ✽.And I provide the following data to the company search filter(accountMenuAddressesCompanyAll.feature:73)
</failure>
  </testcase>
  <testcase classname="Scenario: Check if the search filters are correct" name="Scenario: Check if the search filters are correct" time="0">
    <failure message="Company list page is displayed" type="java.lang.AssertionError">java.lang.AssertionError: Company list page is displayed
	at org.junit.Assert.fail(Assert.java:88)
	at org.junit.Assert.assertTrue(Assert.java:41)
	at de.neusta.b4u.steps.addresses.AddressListCompanySteps.i_provide_the_following_data_to_the_company_search_filter(AddressListCompanySteps.java:30)
	at ✽.And I provide the following data to the company search filter(accountMenuAddressesCompanyAll.feature:73)
</failure>
  </testcase>
  <testcase classname="Scenario: Check if the search filters are correct" name="When I list the company search results" time="0.001">
    <skipped/>
  </testcase>
  <testcase classname="Scenario: Check if the search filters are correct" name="Then the company search results are empty" time="0.001">
    <skipped/>
  </testcase>
  <testcase classname="Scenario: Change company details [without contact types]" name="Given I have logged into my account as standard user" time="0"/>
  <testcase classname="Scenario: Change company details [without contact types]" name="And I have checked that the company \&quot;Wayne Enterprise\&quot; does not already exist" time="0">
    <failure message="Company list page is displayed" type="java.lang.AssertionError">java.lang.AssertionError: Company list page is displayed
	at org.junit.Assert.fail(Assert.java:88)
	at org.junit.Assert.assertTrue(Assert.java:41)
	at de.neusta.b4u.steps.addresses.AddressCreateCompanySteps.i_have_checked_that_the_company_does_not_already_exist(AddressCreateCompanySteps.java:44)
	at ✽.And I have checked that the company &quot;Wayne Enterprise&quot; does not already exist(accountMenuAddressesCompanyEdit.feature:7)
</failure>
  </testcase>
  <testcase classname="Scenario: Change company details [without contact types]" name="Scenario: Change company details [without contact types]" time="0">
    <failure message="Company list page is displayed" type="java.lang.AssertionError">java.lang.AssertionError: Company list page is displayed
	at org.junit.Assert.fail(Assert.java:88)
	at org.junit.Assert.assertTrue(Assert.java:41)
	at de.neusta.b4u.steps.addresses.AddressCreateCompanySteps.i_have_checked_that_the_company_does_not_already_exist(AddressCreateCompanySteps.java:44)
	at ✽.And I have checked that the company &quot;Wayne Enterprise&quot; does not already exist(accountMenuAddressesCompanyEdit.feature:7)
</failure>
  </testcase>
  <testcase classname="Scenario: Change company details [without contact types]" name="And I have checked that the company \&quot;Stark Industries\&quot; does not already exist" time="0.001">
    <skipped/>
  </testcase>
  <testcase classname="Scenario: Change company details [without contact types]" name="And I create a new company \&quot;Wayne Enterprise\&quot;" time="0.002">
    <skipped/>
  </testcase>
  <testcase classname="Scenario: Change company details [without contact types]" name="When I am on the edit company page of \&quot;Wayne Enterprise\&quot;" time="0.002">
    <skipped/>
  </testcase>
  <testcase classname="Scenario: Change company details [without contact types]" name="And I edit the company details" time="0.002">
    <skipped/>
  </testcase>
  <testcase classname="Scenario: Change company details [without contact types]" name="Then the company details are" time="0.003">
    <skipped/>
  </testcase>
  <testcase classname="Scenario: Change company location" name="Given I have logged into my account as standard user" time="0"/>
  <testcase classname="Scenario: Change company location" name="And I have checked that the company \&quot;Wayne Enterprise\&quot; does not already exist" time="0">
    <failure message="Company list page is displayed" type="java.lang.AssertionError">java.lang.AssertionError: Company list page is displayed
	at org.junit.Assert.fail(Assert.java:88)
	at org.junit.Assert.assertTrue(Assert.java:41)
	at de.neusta.b4u.steps.addresses.AddressCreateCompanySteps.i_have_checked_that_the_company_does_not_already_exist(AddressCreateCompanySteps.java:44)
	at ✽.And I have checked that the company &quot;Wayne Enterprise&quot; does not already exist(accountMenuAddressesCompanyEdit.feature:25)
</failure>
  </testcase>
  <testcase classname="Scenario: Change company location" name="Scenario: Change company location" time="0">
    <failure message="Company list page is displayed" type="java.lang.AssertionError">java.lang.AssertionError: Company list page is displayed
	at org.junit.Assert.fail(Assert.java:88)
	at org.junit.Assert.assertTrue(Assert.java:41)
	at de.neusta.b4u.steps.addresses.AddressCreateCompanySteps.i_have_checked_that_the_company_does_not_already_exist(AddressCreateCompanySteps.java:44)
	at ✽.And I have checked that the company &quot;Wayne Enterprise&quot; does not already exist(accountMenuAddressesCompanyEdit.feature:25)
</failure>
  </testcase>
  <testcase classname="Scenario: Change company location" name="And I have checked that the company \&quot;Stark Industries\&quot; does not already exist" time="0">
    <skipped/>
  </testcase>
  <testcase classname="Scenario: Change company location" name="And I create a new company \&quot;Wayne Enterprise\&quot;" time="0.001">
    <skipped/>
  </testcase>
  <testcase classname="Scenario: Change company location" name="When I am on the edit company page of \&quot;Wayne Enterprise\&quot;" time="0.002">
    <skipped/>
  </testcase>
  <testcase classname="Scenario: Change company location" name="And I edit the company location" time="0.002">
    <skipped/>
  </testcase>
  <testcase classname="Scenario: Change company location" name="Then the company details are" time="0.002">
    <skipped/>
  </testcase>
  <testcase classname="Scenario: Change company contact types" name="Given I have logged into my account as standard user" time="0"/>
  <testcase classname="Scenario: Change company contact types" name="And I have checked that the company \&quot;Wayne Enterprise\&quot; does not already exist" time="0">
    <failure message="Company list page is displayed" type="java.lang.AssertionError">java.lang.AssertionError: Company list page is displayed
	at org.junit.Assert.fail(Assert.java:88)
	at org.junit.Assert.assertTrue(Assert.java:41)
	at de.neusta.b4u.steps.addresses.AddressCreateCompanySteps.i_have_checked_that_the_company_does_not_already_exist(AddressCreateCompanySteps.java:44)
	at ✽.And I have checked that the company &quot;Wayne Enterprise&quot; does not already exist(accountMenuAddressesCompanyEdit.feature:45)
</failure>
  </testcase>
  <testcase classname="Scenario: Change company contact types" name="Scenario: Change company contact types" time="0.001">
    <failure message="Company list page is displayed" type="java.lang.AssertionError">java.lang.AssertionError: Company list page is displayed
	at org.junit.Assert.fail(Assert.java:88)
	at org.junit.Assert.assertTrue(Assert.java:41)
	at de.neusta.b4u.steps.addresses.AddressCreateCompanySteps.i_have_checked_that_the_company_does_not_already_exist(AddressCreateCompanySteps.java:44)
	at ✽.And I have checked that the company &quot;Wayne Enterprise&quot; does not already exist(accountMenuAddressesCompanyEdit.feature:45)
</failure>
  </testcase>
  <testcase classname="Scenario: Change company contact types" name="And I have checked that the company \&quot;Stark Industries\&quot; does not already exist" time="0.001">
    <skipped/>
  </testcase>
  <testcase classname="Scenario: Change company contact types" name="And I create a new company \&quot;Wayne Enterprise\&quot;" time="0.001">
    <skipped/>
  </testcase>
  <testcase classname="Scenario: Change company contact types" name="When I am on the edit company page of \&quot;Wayne Enterprise\&quot;" time="0.001">
    <skipped/>
  </testcase>
  <testcase classname="Scenario: Change company contact types" name="And I edit the company contact types" time="0.002">
    <skipped/>
  </testcase>
  <testcase classname="Scenario: Change company contact types" name="Then the company details are" time="0.002">
    <skipped/>
  </testcase>
  <testcase classname="Scenario: Add new contact to an existing company" name="Given I have logged into my account as standard user" time="0"/>
  <testcase classname="Scenario: Add new contact to an existing company" name="And I have checked that the company \&quot;Wayne Enterprise\&quot; does not already exist" time="0">
    <failure message="Company list page is displayed" type="java.lang.AssertionError">java.lang.AssertionError: Company list page is displayed
	at org.junit.Assert.fail(Assert.java:88)
	at org.junit.Assert.assertTrue(Assert.java:41)
	at de.neusta.b4u.steps.addresses.AddressCreateCompanySteps.i_have_checked_that_the_company_does_not_already_exist(AddressCreateCompanySteps.java:44)
	at ✽.And I have checked that the company &quot;Wayne Enterprise&quot; does not already exist(accountMenuAddressesCompanyEdit.feature:60)
</failure>
  </testcase>
  <testcase classname="Scenario: Add new contact to an existing company" name="Scenario: Add new contact to an existing company" time="0">
    <failure message="Company list page is displayed" type="java.lang.AssertionError">java.lang.AssertionError: Company list page is displayed
	at org.junit.Assert.fail(Assert.java:88)
	at org.junit.Assert.assertTrue(Assert.java:41)
	at de.neusta.b4u.steps.addresses.AddressCreateCompanySteps.i_have_checked_that_the_company_does_not_already_exist(AddressCreateCompanySteps.java:44)
	at ✽.And I have checked that the company &quot;Wayne Enterprise&quot; does not already exist(accountMenuAddressesCompanyEdit.feature:60)
</failure>
  </testcase>
  <testcase classname="Scenario: Add new contact to an existing company" name="And I have checked that the contact \&quot;Justice League\&quot; does not already exist" time="0">
    <skipped/>
  </testcase>
  <testcase classname="Scenario: Add new contact to an existing company" name="And I create a new company \&quot;Wayne Enterprise\&quot;" time="0">
    <skipped/>
  </testcase>
  <testcase classname="Scenario: Add new contact to an existing company" name="When I am on the edit company page of \&quot;Wayne Enterprise\&quot;" time="0.001">
    <skipped/>
  </testcase>
  <testcase classname="Scenario: Add new contact to an existing company" name="And I add a new contact \&quot;Justice League\&quot; to the company" time="0.001">
    <skipped/>
  </testcase>
  <testcase classname="Scenario: Add new contact to an existing company" name="And I am on the edit company page of \&quot;Wayne Enterprise\&quot;" time="0.001">
    <skipped/>
  </testcase>
  <testcase classname="Scenario: Add new contact to an existing company" name="Then the company contact list should only contain" time="0.001">
    <skipped/>
  </testcase>
  <testcase classname="Scenario: Add a skill to an existing company" name="Given I have logged into my account as standard user" time="0"/>
  <testcase classname="Scenario: Add a skill to an existing company" name="And I have checked that the company \&quot;Wayne Enterprise\&quot; does not already exist" time="0">
    <failure message="Company list page is displayed" type="java.lang.AssertionError">java.lang.AssertionError: Company list page is displayed
	at org.junit.Assert.fail(Assert.java:88)
	at org.junit.Assert.assertTrue(Assert.java:41)
	at de.neusta.b4u.steps.addresses.AddressCreateCompanySteps.i_have_checked_that_the_company_does_not_already_exist(AddressCreateCompanySteps.java:44)
	at ✽.And I have checked that the company &quot;Wayne Enterprise&quot; does not already exist(accountMenuAddressesCompanyEdit.feature:73)
</failure>
  </testcase>
  <testcase classname="Scenario: Add a skill to an existing company" name="Scenario: Add a skill to an existing company" time="0">
    <failure message="Company list page is displayed" type="java.lang.AssertionError">java.lang.AssertionError: Company list page is displayed
	at org.junit.Assert.fail(Assert.java:88)
	at org.junit.Assert.assertTrue(Assert.java:41)
	at de.neusta.b4u.steps.addresses.AddressCreateCompanySteps.i_have_checked_that_the_company_does_not_already_exist(AddressCreateCompanySteps.java:44)
	at ✽.And I have checked that the company &quot;Wayne Enterprise&quot; does not already exist(accountMenuAddressesCompanyEdit.feature:73)
</failure>
  </testcase>
  <testcase classname="Scenario: Add a skill to an existing company" name="And I create a new company \&quot;Wayne Enterprise\&quot;" time="0.001">
    <skipped/>
  </testcase>
  <testcase classname="Scenario: Add a skill to an existing company" name="When I am on the edit company page of \&quot;Wayne Enterprise\&quot;" time="0.001">
    <skipped/>
  </testcase>
  <testcase classname="Scenario: Add a skill to an existing company" name="And I add a new skill \&quot;Geld\u002C Geld\u002C Geld\&quot; to the company" time="0.001">
    <skipped/>
  </testcase>
  <testcase classname="Scenario: Add a skill to an existing company" name="Then the company has the skill \&quot;Geld\u002C Geld\u002C Geld\&quot; set" time="0.002">
    <skipped/>
  </testcase>
  <testcase classname="Scenario: Remove a skill from an existing company" name="Given I have logged into my account as standard user" time="0"/>
  <testcase classname="Scenario: Remove a skill from an existing company" name="And I have checked that the company \&quot;Wayne Enterprise\&quot; does not already exist" time="0">
    <failure message="Company list page is displayed" type="java.lang.AssertionError">java.lang.AssertionError: Company list page is displayed
	at org.junit.Assert.fail(Assert.java:88)
	at org.junit.Assert.assertTrue(Assert.java:41)
	at de.neusta.b4u.steps.addresses.AddressCreateCompanySteps.i_have_checked_that_the_company_does_not_already_exist(AddressCreateCompanySteps.java:44)
	at ✽.And I have checked that the company &quot;Wayne Enterprise&quot; does not already exist(accountMenuAddressesCompanyEdit.feature:83)
</failure>
  </testcase>
  <testcase classname="Scenario: Remove a skill from an existing company" name="Scenario: Remove a skill from an existing company" time="0">
    <failure message="Company list page is displayed" type="java.lang.AssertionError">java.lang.AssertionError: Company list page is displayed
	at org.junit.Assert.fail(Assert.java:88)
	at org.junit.Assert.assertTrue(Assert.java:41)
	at de.neusta.b4u.steps.addresses.AddressCreateCompanySteps.i_have_checked_that_the_company_does_not_already_exist(AddressCreateCompanySteps.java:44)
	at ✽.And I have checked that the company &quot;Wayne Enterprise&quot; does not already exist(accountMenuAddressesCompanyEdit.feature:83)
</failure>
  </testcase>
  <testcase classname="Scenario: Remove a skill from an existing company" name="And I create a new company \&quot;Wayne Enterprise\&quot;" time="0.001">
    <skipped/>
  </testcase>
  <testcase classname="Scenario: Remove a skill from an existing company" name="And I am on the edit company page of \&quot;Wayne Enterprise\&quot;" time="0.001">
    <skipped/>
  </testcase>
  <testcase classname="Scenario: Remove a skill from an existing company" name="And I add a new skill \&quot;Geld\u002C Geld\u002C Geld\&quot; to the company" time="0.001">
    <skipped/>
  </testcase>
  <testcase classname="Scenario: Remove a skill from an existing company" name="When I delete the skill \&quot;Geld\u002C Geld\u002C Geld\&quot; from the company" time="0.002">
    <skipped/>
  </testcase>
  <testcase classname="Scenario: Remove a skill from an existing company" name="Then the company has the skill \&quot;Geld\u002C Geld\u002C Geld\&quot; not set" time="0.002">
    <skipped/>
  </testcase>
  <testcase classname="Scenario: Create a new person for an existing company" name="Given I have logged into my account as standard user" time="0"/>
  <testcase classname="Scenario: Create a new person for an existing company" name="And I have checked that the company \&quot;Wayne Enterprise\&quot; does not already exist" time="0">
    <failure message="Company list page is displayed" type="java.lang.AssertionError">java.lang.AssertionError: Company list page is displayed
	at org.junit.Assert.fail(Assert.java:88)
	at org.junit.Assert.assertTrue(Assert.java:41)
	at de.neusta.b4u.steps.addresses.AddressCreateCompanySteps.i_have_checked_that_the_company_does_not_already_exist(AddressCreateCompanySteps.java:44)
	at ✽.And I have checked that the company &quot;Wayne Enterprise&quot; does not already exist(accountMenuAddressesCompanyEdit.feature:94)
</failure>
  </testcase>
  <testcase classname="Scenario: Create a new person for an existing company" name="Scenario: Create a new person for an existing company" time="0">
    <failure message="Company list page is displayed" type="java.lang.AssertionError">java.lang.AssertionError: Company list page is displayed
	at org.junit.Assert.fail(Assert.java:88)
	at org.junit.Assert.assertTrue(Assert.java:41)
	at de.neusta.b4u.steps.addresses.AddressCreateCompanySteps.i_have_checked_that_the_company_does_not_already_exist(AddressCreateCompanySteps.java:44)
	at ✽.And I have checked that the company &quot;Wayne Enterprise&quot; does not already exist(accountMenuAddressesCompanyEdit.feature:94)
</failure>
  </testcase>
  <testcase classname="Scenario: Create a new person for an existing company" name="And I have checked that the person \&quot;Wayne\u002C Bruce\&quot; does not already exist" time="0.001">
    <skipped/>
  </testcase>
  <testcase classname="Scenario: Create a new person for an existing company" name="And I create a new company \&quot;Wayne Enterprise\&quot;" time="0.001">
    <skipped/>
  </testcase>
  <testcase classname="Scenario: Create a new person for an existing company" name="And I am on the edit company page of \&quot;Wayne Enterprise\&quot;" time="0.001">
    <skipped/>
  </testcase>
  <testcase classname="Scenario: Create a new person for an existing company" name="When I create a new person \&quot;Bruce Wayne\&quot; for the company" time="0.001">
    <skipped/>
  </testcase>
  <testcase classname="Scenario: Create a new person for an existing company" name="Then the person \&quot;Bruce Wayne\&quot; is created" time="0.002">
    <skipped/>
  </testcase>
  <testcase classname="Scenario: Create a new person for an existing company" name="And I am on the edit person page of \&quot;Bruce Wayne\&quot;" time="0.002">
    <skipped/>
  </testcase>
  <testcase classname="Scenario: Create a new person for an existing company" name="And the person details are" time="0.002">
    <skipped/>
  </testcase>
  <testcase classname="Scenario: Create a new person for an existing company" name="And I am on the edit company page of \&quot;Wayne Enterprise\&quot;" time="0.003">
    <skipped/>
  </testcase>
  <testcase classname="Scenario: Create a new person for an existing company" name="And the company employee list contains" time="0.003">
    <skipped/>
  </testcase>
  <testcase classname="Scenario: Add an existing person to an existing company" name="Given I have logged into my account as standard user" time="0"/>
  <testcase classname="Scenario: Add an existing person to an existing company" name="And I have checked that the company \&quot;Wayne Enterprise\&quot; does not already exist" time="0">
    <failure message="Company list page is displayed" type="java.lang.AssertionError">java.lang.AssertionError: Company list page is displayed
	at org.junit.Assert.fail(Assert.java:88)
	at org.junit.Assert.assertTrue(Assert.java:41)
	at de.neusta.b4u.steps.addresses.AddressCreateCompanySteps.i_have_checked_that_the_company_does_not_already_exist(AddressCreateCompanySteps.java:44)
	at ✽.And I have checked that the company &quot;Wayne Enterprise&quot; does not already exist(accountMenuAddressesCompanyEdit.feature:131)
</failure>
  </testcase>
  <testcase classname="Scenario: Add an existing person to an existing company" name="Scenario: Add an existing person to an existing company" time="0">
    <failure message="Company list page is displayed" type="java.lang.AssertionError">java.lang.AssertionError: Company list page is displayed
	at org.junit.Assert.fail(Assert.java:88)
	at org.junit.Assert.assertTrue(Assert.java:41)
	at de.neusta.b4u.steps.addresses.AddressCreateCompanySteps.i_have_checked_that_the_company_does_not_already_exist(AddressCreateCompanySteps.java:44)
	at ✽.And I have checked that the company &quot;Wayne Enterprise&quot; does not already exist(accountMenuAddressesCompanyEdit.feature:131)
</failure>
  </testcase>
  <testcase classname="Scenario: Add an existing person to an existing company" name="And I have checked that the person \&quot;Wayne\u002C Bruce\&quot; does not already exist" time="0">
    <skipped/>
  </testcase>
  <testcase classname="Scenario: Add an existing person to an existing company" name="And I create a new company \&quot;Wayne Enterprise\&quot;" time="0">
    <skipped/>
  </testcase>
  <testcase classname="Scenario: Add an existing person to an existing company" name="And I create a new person \&quot;Bruce Wayne\&quot;" time="0">
    <skipped/>
  </testcase>
  <testcase classname="Scenario: Add an existing person to an existing company" name="When I am on the edit company page of \&quot;Wayne Enterprise\&quot;" time="0.001">
    <skipped/>
  </testcase>
  <testcase classname="Scenario: Add an existing person to an existing company" name="And I add the person \&quot;Bruce Wayne\&quot; to the company" time="0.001">
    <skipped/>
  </testcase>
  <testcase classname="Scenario: Add an existing person to an existing company" name="Then the company employee list contains" time="0.001">
    <skipped/>
  </testcase>
  <testcase classname="Scenario: Check elements addresses menu company new" name="Given I have logged into my account as standard user" time="0"/>
  <testcase classname="Scenario: Check elements addresses menu company new" name="When I am on the create new company page" time="0"/>
  <testcase classname="Scenario: Check elements addresses menu company new" name="Then all the elements looked for are being displayed" time="0">
    <failure message="companyDetailsView.name is displayed" type="java.lang.AssertionError">java.lang.AssertionError: companyDetailsView.name is displayed
	at org.junit.Assert.fail(Assert.java:88)
	at org.junit.Assert.assertTrue(Assert.java:41)
	at de.neusta.b4u.steps.BaseSteps.all_the_elements_looked_for_are_being_displayed(BaseSteps.java:66)
	at ✽.Then all the elements looked for are being displayed(accountMenuAddressesCompanyNew.feature:11)
</failure>
  </testcase>
  <testcase classname="Scenario: Check elements addresses menu company new" name="Scenario: Check elements addresses menu company new" time="0">
    <failure message="companyDetailsView.name is displayed" type="java.lang.AssertionError">java.lang.AssertionError: companyDetailsView.name is displayed
	at org.junit.Assert.fail(Assert.java:88)
	at org.junit.Assert.assertTrue(Assert.java:41)
	at de.neusta.b4u.steps.BaseSteps.all_the_elements_looked_for_are_being_displayed(BaseSteps.java:66)
	at ✽.Then all the elements looked for are being displayed(accountMenuAddressesCompanyNew.feature:11)
</failure>
  </testcase>
  <testcase classname="Scenario: Company new create success" name="Given I have logged into my account as standard user" time="0"/>
  <testcase classname="Scenario: Company new create success" name="And I have checked that the company \&quot;Wayne Enterprise\&quot; does not already exist" time="0">
    <failure message="Company list page is displayed" type="java.lang.AssertionError">java.lang.AssertionError: Company list page is displayed
	at org.junit.Assert.fail(Assert.java:88)
	at org.junit.Assert.assertTrue(Assert.java:41)
	at de.neusta.b4u.steps.addresses.AddressCreateCompanySteps.i_have_checked_that_the_company_does_not_already_exist(AddressCreateCompanySteps.java:44)
	at ✽.And I have checked that the company &quot;Wayne Enterprise&quot; does not already exist(accountMenuAddressesCompanyNew.feature:36)
</failure>
  </testcase>
  <testcase classname="Scenario: Company new create success" name="Scenario: Company new create success" time="0">
    <failure message="Company list page is displayed" type="java.lang.AssertionError">java.lang.AssertionError: Company list page is displayed
	at org.junit.Assert.fail(Assert.java:88)
	at org.junit.Assert.assertTrue(Assert.java:41)
	at de.neusta.b4u.steps.addresses.AddressCreateCompanySteps.i_have_checked_that_the_company_does_not_already_exist(AddressCreateCompanySteps.java:44)
	at ✽.And I have checked that the company &quot;Wayne Enterprise&quot; does not already exist(accountMenuAddressesCompanyNew.feature:36)
</failure>
  </testcase>
  <testcase classname="Scenario: Company new create success" name="And I create a new company \&quot;Wayne Enterprise\&quot;" time="0.001">
    <skipped/>
  </testcase>
  <testcase classname="Scenario: Company new create success" name="Then the company \&quot;Wayne Enterprise\&quot; is created" time="0.001">
    <skipped/>
  </testcase>
  <testcase classname="Scenario: Company new create success" name="And I am on the edit company page of \&quot;Wayne Enterprise\&quot;" time="0.001">
    <skipped/>
  </testcase>
  <testcase classname="Scenario: Company new create success" name="And the company details are" time="0.001">
    <skipped/>
  </testcase>
  <testcase classname="Scenario: Company new create success [minimal requirements]" name="Given I have logged into my account as standard user" time="0"/>
  <testcase classname="Scenario: Company new create success [minimal requirements]" name="And I have checked that the company \&quot;Wayne Enterprise\&quot; does not already exist" time="0">
    <failure message="Company list page is displayed" type="java.lang.AssertionError">java.lang.AssertionError: Company list page is displayed
	at org.junit.Assert.fail(Assert.java:88)
	at org.junit.Assert.assertTrue(Assert.java:41)
	at de.neusta.b4u.steps.addresses.AddressCreateCompanySteps.i_have_checked_that_the_company_does_not_already_exist(AddressCreateCompanySteps.java:44)
	at ✽.And I have checked that the company &quot;Wayne Enterprise&quot; does not already exist(accountMenuAddressesCompanyNew.feature:58)
</failure>
  </testcase>
  <testcase classname="Scenario: Company new create success [minimal requirements]" name="Scenario: Company new create success [minimal requirements]" time="0">
    <failure message="Company list page is displayed" type="java.lang.AssertionError">java.lang.AssertionError: Company list page is displayed
	at org.junit.Assert.fail(Assert.java:88)
	at org.junit.Assert.assertTrue(Assert.java:41)
	at de.neusta.b4u.steps.addresses.AddressCreateCompanySteps.i_have_checked_that_the_company_does_not_already_exist(AddressCreateCompanySteps.java:44)
	at ✽.And I have checked that the company &quot;Wayne Enterprise&quot; does not already exist(accountMenuAddressesCompanyNew.feature:58)
</failure>
  </testcase>
  <testcase classname="Scenario: Company new create success [minimal requirements]" name="And I create a new company \&quot;Wayne Enterprise\&quot;" time="0">
    <skipped/>
  </testcase>
  <testcase classname="Scenario: Company new create success [minimal requirements]" name="Then the company \&quot;Wayne Enterprise\&quot; is created" time="0">
    <skipped/>
  </testcase>
  <testcase classname="Scenario: Company new create success [minimal requirements]" name="And I am on the edit company page of \&quot;Wayne Enterprise\&quot;" time="0.001">
    <skipped/>
  </testcase>
  <testcase classname="Scenario: Company new create success [minimal requirements]" name="And the company details are" time="0.001">
    <skipped/>
  </testcase>
  <testcase classname="Scenario: Company new create failure [missing contact type]" name="Given I have logged into my account as standard user" time="0"/>
  <testcase classname="Scenario: Company new create failure [missing contact type]" name="And I have checked that the company \&quot;Wayne Enterprise\&quot; does not already exist" time="0">
    <failure message="Company list page is displayed" type="java.lang.AssertionError">java.lang.AssertionError: Company list page is displayed
	at org.junit.Assert.fail(Assert.java:88)
	at org.junit.Assert.assertTrue(Assert.java:41)
	at de.neusta.b4u.steps.addresses.AddressCreateCompanySteps.i_have_checked_that_the_company_does_not_already_exist(AddressCreateCompanySteps.java:44)
	at ✽.And I have checked that the company &quot;Wayne Enterprise&quot; does not already exist(accountMenuAddressesCompanyNew.feature:69)
</failure>
  </testcase>
  <testcase classname="Scenario: Company new create failure [missing contact type]" name="Scenario: Company new create failure [missing contact type]" time="0.001">
    <failure message="Company list page is displayed" type="java.lang.AssertionError">java.lang.AssertionError: Company list page is displayed
	at org.junit.Assert.fail(Assert.java:88)
	at org.junit.Assert.assertTrue(Assert.java:41)
	at de.neusta.b4u.steps.addresses.AddressCreateCompanySteps.i_have_checked_that_the_company_does_not_already_exist(AddressCreateCompanySteps.java:44)
	at ✽.And I have checked that the company &quot;Wayne Enterprise&quot; does not already exist(accountMenuAddressesCompanyNew.feature:69)
</failure>
  </testcase>
  <testcase classname="Scenario: Company new create failure [missing contact type]" name="And I create a new simple company \&quot;Wayne Enterprise\&quot;" time="0.001">
    <skipped/>
  </testcase>
  <testcase classname="Scenario: Company new create failure [missing contact type]" name="Then an error message is being displayed \&quot;required\&quot;" time="0.001">
    <skipped/>
  </testcase>
  <testcase classname="Scenario: Check elements addresses menu person all" name="Given I have logged into my account as standard user" time="0"/>
  <testcase classname="Scenario: Check elements addresses menu person all" name="When I am on the person address list page" time="0"/>
  <testcase classname="Scenario: Check elements addresses menu person all" name="Then all the elements looked for are being displayed" time="0">
    <failure message="personAddressTableView.nameOrId is displayed" type="java.lang.AssertionError">java.lang.AssertionError: personAddressTableView.nameOrId is displayed
	at org.junit.Assert.fail(Assert.java:88)
	at org.junit.Assert.assertTrue(Assert.java:41)
	at de.neusta.b4u.steps.BaseSteps.all_the_elements_looked_for_are_being_displayed(BaseSteps.java:66)
	at ✽.Then all the elements looked for are being displayed(accountMenuAddressesPersonAll.feature:10)
</failure>
  </testcase>
[...]
  <testcase classname="Scenario: Check dropdown email address types" name="Given I have logged into my account as standard user" time="0"/>
  <testcase classname="Scenario: Check dropdown email address types" name="When I select the menu entry \&quot;topBannerView.loggedInPerson\&quot;" time="0"/>
  <testcase classname="Scenario: Check dropdown email address types" name="And I click on the button \&quot;personDetailsFormView.edit\&quot;" time="0"/>
  <testcase classname="Scenario: Check dropdown email address types" name="Then the dropdown menu \&quot;emailAdressFormView.emailAddress[0].emailAddressTypes\&quot; contains the following items" time="0"/>
  <testcase classname="Scenario: Check dropdown email address types" name="Scenario: Check dropdown email address types" time="0.114"/>
  <testcase classname="Scenario: Check dropdown phone types" name="Given I have logged into my account as standard user" time="0"/>
  <testcase classname="Scenario: Check dropdown phone types" name="When I select the menu entry \&quot;topBannerView.loggedInPerson\&quot;" time="0"/>
  <testcase classname="Scenario: Check dropdown phone types" name="And I click on the button \&quot;personDetailsFormView.edit\&quot;" time="0"/>
  <testcase classname="Scenario: Check dropdown phone types" name="Then the dropdown menu \&quot;phoneFormView.phone[0].phoneTypes\&quot; contains the following items" time="0.001">
    <error message="no such element: Unable to locate element: {&quot;method&quot;:&quot;id&quot;,&quot;selector&quot;:&quot;phoneFormView.phone[0].phoneTypes&quot;}
  (Session info: chrome=72.0.3626.81)
  (Driver info: chromedriver=2.46.628388 (4a34a70827ac54148e092aafb70504c4ea7ae926),platform=Linux 4.9.125-linuxkit x86_64) (WARNING: The server did not provide any stacktrace information)
Command duration or timeout: 1.04 seconds
For documentation on this error, please visit: http://seleniumhq.org/exceptions/no_such_element.html
Build info: version: &apos;3.0.1&apos;, revision: &apos;1969d75&apos;, time: &apos;2016-10-18 09:49:13 -0700&apos;
System info: host: &apos;DESKTOP-IN4UB21&apos;, ip: &apos;10.0.75.1&apos;, os.name: &apos;Windows 10&apos;, os.arch: &apos;amd64&apos;, os.version: &apos;10.0&apos;, java.version: &apos;1.8.0_201&apos;
Driver info: org.openqa.selenium.remote.RemoteWebDriver
Capabilities [{mobileEmulationEnabled=false, timeouts={implicit=0, pageLoad=300000, script=30000}, hasTouchScreen=false, platform=LINUX, acceptSslCerts=false, goog:chromeOptions={debuggerAddress=localhost:38971}, acceptInsecureCerts=false, webStorageEnabled=true, browserName=chrome, takesScreenshot=true, javascriptEnabled=true, setWindowRect=true, unexpectedAlertBehaviour=ignore, applicationCacheEnabled=false, rotatable=false, networkConnectionEnabled=false, chrome={chromedriverVersion=2.46.628388 (4a34a70827ac54148e092aafb70504c4ea7ae926), userDataDir=/tmp/.org.chromium.Chromium.SEFVtd}, takesHeapSnapshot=true, pageLoadStrategy=normal, strictFileInteractability=false, databaseEnabled=false, handlesAlerts=true, version=72.0.3626.81, browserConnectionEnabled=false, proxy={}, nativeEvents=true, webdriver.remote.sessionid=e6488b2e95470f5394c1f9df22bccd0e, locationContextEnabled=true, cssSelectorsEnabled=true}]
Session ID: e6488b2e95470f5394c1f9df22bccd0e
*** Element info: {Using=id, value=phoneFormView.phone[0].phoneTypes}" type="org.openqa.selenium.NoSuchElementException">org.openqa.selenium.NoSuchElementException: no such element: Unable to locate element: {&quot;method&quot;:&quot;id&quot;,&quot;selector&quot;:&quot;phoneFormView.phone[0].phoneTypes&quot;}
  (Session info: chrome=72.0.3626.81)
  (Driver info: chromedriver=2.46.628388 (4a34a70827ac54148e092aafb70504c4ea7ae926),platform=Linux 4.9.125-linuxkit x86_64) (WARNING: The server did not provide any stacktrace information)
Command duration or timeout: 1.04 seconds
For documentation on this error, please visit: http://seleniumhq.org/exceptions/no_such_element.html
Build info: version: &apos;3.0.1&apos;, revision: &apos;1969d75&apos;, time: &apos;2016-10-18 09:49:13 -0700&apos;
System info: host: &apos;DESKTOP-IN4UB21&apos;, ip: &apos;10.0.75.1&apos;, os.name: &apos;Windows 10&apos;, os.arch: &apos;amd64&apos;, os.version: &apos;10.0&apos;, java.version: &apos;1.8.0_201&apos;
Driver info: org.openqa.selenium.remote.RemoteWebDriver
Capabilities [{mobileEmulationEnabled=false, timeouts={implicit=0, pageLoad=300000, script=30000}, hasTouchScreen=false, platform=LINUX, acceptSslCerts=false, goog:chromeOptions={debuggerAddress=localhost:38971}, acceptInsecureCerts=false, webStorageEnabled=true, browserName=chrome, takesScreenshot=true, javascriptEnabled=true, setWindowRect=true, unexpectedAlertBehaviour=ignore, applicationCacheEnabled=false, rotatable=false, networkConnectionEnabled=false, chrome={chromedriverVersion=2.46.628388 (4a34a70827ac54148e092aafb70504c4ea7ae926), userDataDir=/tmp/.org.chromium.Chromium.SEFVtd}, takesHeapSnapshot=true, pageLoadStrategy=normal, strictFileInteractability=false, databaseEnabled=false, handlesAlerts=true, version=72.0.3626.81, browserConnectionEnabled=false, proxy={}, nativeEvents=true, webdriver.remote.sessionid=e6488b2e95470f5394c1f9df22bccd0e, locationContextEnabled=true, cssSelectorsEnabled=true}]
Session ID: e6488b2e95470f5394c1f9df22bccd0e
*** Element info: {Using=id, value=phoneFormView.phone[0].phoneTypes}
	at sun.reflect.NativeConstructorAccessorImpl.newInstance0(Native Method)
	at sun.reflect.NativeConstructorAccessorImpl.newInstance(NativeConstructorAccessorImpl.java:62)
	at sun.reflect.DelegatingConstructorAccessorImpl.newInstance(DelegatingConstructorAccessorImpl.java:45)
	at java.lang.reflect.Constructor.newInstance(Constructor.java:423)
	at org.openqa.selenium.remote.ErrorHandler.createThrowable(ErrorHandler.java:216)
	at org.openqa.selenium.remote.ErrorHandler.throwIfResponseFailed(ErrorHandler.java:168)
	at org.openqa.selenium.remote.RemoteWebDriver.execute(RemoteWebDriver.java:635)
	at org.openqa.selenium.remote.RemoteWebDriver.findElement(RemoteWebDriver.java:368)
	at org.openqa.selenium.remote.RemoteWebDriver.findElementById(RemoteWebDriver.java:417)
	at org.openqa.selenium.By$ById.findElement(By.java:218)
	at org.openqa.selenium.remote.RemoteWebDriver.findElement(RemoteWebDriver.java:360)
	at de.neusta.b4u.steps.BaseSteps.the_dropdown_menu_contains_the_following_items(BaseSteps.java:72)
	at ✽.Then the dropdown menu &quot;phoneFormView.phone[0].phoneTypes&quot; contains the following items(accountProfilePersonalData.feature:66)
</error>
  </testcase>
  <testcase classname="Scenario: Check dropdown phone types" name="Scenario: Check dropdown phone types" time="0.002">
    <error message="no such element: Unable to locate element: {&quot;method&quot;:&quot;id&quot;,&quot;selector&quot;:&quot;phoneFormView.phone[0].phoneTypes&quot;}
  (Session info: chrome=72.0.3626.81)
  (Driver info: chromedriver=2.46.628388 (4a34a70827ac54148e092aafb70504c4ea7ae926),platform=Linux 4.9.125-linuxkit x86_64) (WARNING: The server did not provide any stacktrace information)
Command duration or timeout: 1.04 seconds
For documentation on this error, please visit: http://seleniumhq.org/exceptions/no_such_element.html
Build info: version: &apos;3.0.1&apos;, revision: &apos;1969d75&apos;, time: &apos;2016-10-18 09:49:13 -0700&apos;
System info: host: &apos;DESKTOP-IN4UB21&apos;, ip: &apos;10.0.75.1&apos;, os.name: &apos;Windows 10&apos;, os.arch: &apos;amd64&apos;, os.version: &apos;10.0&apos;, java.version: &apos;1.8.0_201&apos;
Driver info: org.openqa.selenium.remote.RemoteWebDriver
Capabilities [{mobileEmulationEnabled=false, timeouts={implicit=0, pageLoad=300000, script=30000}, hasTouchScreen=false, platform=LINUX, acceptSslCerts=false, goog:chromeOptions={debuggerAddress=localhost:38971}, acceptInsecureCerts=false, webStorageEnabled=true, browserName=chrome, takesScreenshot=true, javascriptEnabled=true, setWindowRect=true, unexpectedAlertBehaviour=ignore, applicationCacheEnabled=false, rotatable=false, networkConnectionEnabled=false, chrome={chromedriverVersion=2.46.628388 (4a34a70827ac54148e092aafb70504c4ea7ae926), userDataDir=/tmp/.org.chromium.Chromium.SEFVtd}, takesHeapSnapshot=true, pageLoadStrategy=normal, strictFileInteractability=false, databaseEnabled=false, handlesAlerts=true, version=72.0.3626.81, browserConnectionEnabled=false, proxy={}, nativeEvents=true, webdriver.remote.sessionid=e6488b2e95470f5394c1f9df22bccd0e, locationContextEnabled=true, cssSelectorsEnabled=true}]
Session ID: e6488b2e95470f5394c1f9df22bccd0e
*** Element info: {Using=id, value=phoneFormView.phone[0].phoneTypes}" type="org.openqa.selenium.NoSuchElementException">org.openqa.selenium.NoSuchElementException: no such element: Unable to locate element: {&quot;method&quot;:&quot;id&quot;,&quot;selector&quot;:&quot;phoneFormView.phone[0].phoneTypes&quot;}
  (Session info: chrome=72.0.3626.81)
  (Driver info: chromedriver=2.46.628388 (4a34a70827ac54148e092aafb70504c4ea7ae926),platform=Linux 4.9.125-linuxkit x86_64) (WARNING: The server did not provide any stacktrace information)
Command duration or timeout: 1.04 seconds
For documentation on this error, please visit: http://seleniumhq.org/exceptions/no_such_element.html
Build info: version: &apos;3.0.1&apos;, revision: &apos;1969d75&apos;, time: &apos;2016-10-18 09:49:13 -0700&apos;
System info: host: &apos;DESKTOP-IN4UB21&apos;, ip: &apos;10.0.75.1&apos;, os.name: &apos;Windows 10&apos;, os.arch: &apos;amd64&apos;, os.version: &apos;10.0&apos;, java.version: &apos;1.8.0_201&apos;
Driver info: org.openqa.selenium.remote.RemoteWebDriver
Capabilities [{mobileEmulationEnabled=false, timeouts={implicit=0, pageLoad=300000, script=30000}, hasTouchScreen=false, platform=LINUX, acceptSslCerts=false, goog:chromeOptions={debuggerAddress=localhost:38971}, acceptInsecureCerts=false, webStorageEnabled=true, browserName=chrome, takesScreenshot=true, javascriptEnabled=true, setWindowRect=true, unexpectedAlertBehaviour=ignore, applicationCacheEnabled=false, rotatable=false, networkConnectionEnabled=false, chrome={chromedriverVersion=2.46.628388 (4a34a70827ac54148e092aafb70504c4ea7ae926), userDataDir=/tmp/.org.chromium.Chromium.SEFVtd}, takesHeapSnapshot=true, pageLoadStrategy=normal, strictFileInteractability=false, databaseEnabled=false, handlesAlerts=true, version=72.0.3626.81, browserConnectionEnabled=false, proxy={}, nativeEvents=true, webdriver.remote.sessionid=e6488b2e95470f5394c1f9df22bccd0e, locationContextEnabled=true, cssSelectorsEnabled=true}]
Session ID: e6488b2e95470f5394c1f9df22bccd0e
*** Element info: {Using=id, value=phoneFormView.phone[0].phoneTypes}
	at sun.reflect.NativeConstructorAccessorImpl.newInstance0(Native Method)
	at sun.reflect.NativeConstructorAccessorImpl.newInstance(NativeConstructorAccessorImpl.java:62)
	at sun.reflect.DelegatingConstructorAccessorImpl.newInstance(DelegatingConstructorAccessorImpl.java:45)
	at java.lang.reflect.Constructor.newInstance(Constructor.java:423)
	at org.openqa.selenium.remote.ErrorHandler.createThrowable(ErrorHandler.java:216)
	at org.openqa.selenium.remote.ErrorHandler.throwIfResponseFailed(ErrorHandler.java:168)
	at org.openqa.selenium.remote.RemoteWebDriver.execute(RemoteWebDriver.java:635)
	at org.openqa.selenium.remote.RemoteWebDriver.findElement(RemoteWebDriver.java:368)
	at org.openqa.selenium.remote.RemoteWebDriver.findElementById(RemoteWebDriver.java:417)
	at org.openqa.selenium.By$ById.findElement(By.java:218)
	at org.openqa.selenium.remote.RemoteWebDriver.findElement(RemoteWebDriver.java:360)
	at de.neusta.b4u.steps.BaseSteps.the_dropdown_menu_contains_the_following_items(BaseSteps.java:72)
	at ✽.Then the dropdown menu &quot;phoneFormView.phone[0].phoneTypes&quot; contains the following items(accountProfilePersonalData.feature:66)
</error>
  </testcase>
  <testcase classname="| Username | loginView.userName |" name="Given I am on the login page" time="0"/>
  <testcase classname="| Username | loginView.userName |" name="When I look for the element \&quot;loginView.userName\&quot;" time="0"/>
  <testcase classname="| Username | loginView.userName |" name="Then the element looked for is being displayed" time="0"/>
  <testcase classname="| Username | loginView.userName |" name="| Username | loginView.userName |" time="0.114"/>
  <testcase classname="| Password | loginView.password |" name="Given I am on the login page" time="0"/>
  <testcase classname="| Password | loginView.password |" name="When I look for the element \&quot;loginView.password\&quot;" time="0"/>
  <testcase classname="| Password | loginView.password |" name="Then the element looked for is being displayed" time="0"/>
  <testcase classname="| Password | loginView.password |" name="| Password | loginView.password |" time="0.119"/>
  <testcase classname="| Anmelden | loginView.login |" name="Given I am on the login page" time="0"/>
  <testcase classname="| Anmelden | loginView.login |" name="When I look for the element \&quot;loginView.login\&quot;" time="0"/>
  <testcase classname="| Anmelden | loginView.login |" name="Then the element looked for is being displayed" time="0"/>
  <testcase classname="| Anmelden | loginView.login |" name="| Anmelden | loginView.login |" time="0.113"/>
  <testcase classname="Scenario: Login success [standard user]" name="Given I am on the login page" time="0"/>
  <testcase classname="Scenario: Login success [standard user]" name="And I provide the standard user credentials" time="0"/>
  <testcase classname="Scenario: Login success [standard user]" name="When I login" time="0"/>
  <testcase classname="Scenario: Login success [standard user]" name="Then the account page is being displayed" time="0"/>
  <testcase classname="Scenario: Login success [standard user]" name="Scenario: Login success [standard user]" time="0.131"/>
  <testcase classname="Scenario: Login success [admin user]" name="Given I am on the login page" time="0"/>
  <testcase classname="Scenario: Login success [admin user]" name="And I provide the admin user credentials" time="0"/>
  <testcase classname="Scenario: Login success [admin user]" name="When I login" time="0"/>
  <testcase classname="Scenario: Login success [admin user]" name="Then the account page is being displayed" time="0"/>
  <testcase classname="Scenario: Login success [admin user]" name="Scenario: Login success [admin user]" time="0.07"/>
  <testcase classname="Scenario: Login failure wrong username [standard user]" name="Given I am on the login page" time="0"/>
  <testcase classname="Scenario: Login failure wrong username [standard user]" name="And I provide the standard user credentials" time="0"/>
  <testcase classname="Scenario: Login failure wrong username [standard user]" name="And I provide an invalid username" time="0"/>
  <testcase classname="Scenario: Login failure wrong username [standard user]" name="When I login" time="0"/>
  <testcase classname="Scenario: Login failure wrong username [standard user]" name="Then an error message is being displayed \&quot;is-error\&quot;" time="0"/>
  <testcase classname="Scenario: Login failure wrong username [standard user]" name="Scenario: Login failure wrong username [standard user]" time="0.12"/>
  <testcase classname="Scenario: Login failure wrong username [admin user]" name="Given I am on the login page" time="0"/>
  <testcase classname="Scenario: Login failure wrong username [admin user]" name="And I provide the admin user credentials" time="0"/>
  <testcase classname="Scenario: Login failure wrong username [admin user]" name="And I provide an invalid username" time="0"/>
  <testcase classname="Scenario: Login failure wrong username [admin user]" name="When I login" time="0"/>
  <testcase classname="Scenario: Login failure wrong username [admin user]" name="Then an error message is being displayed \&quot;is-error\&quot;" time="0"/>
  <testcase classname="Scenario: Login failure wrong username [admin user]" name="Scenario: Login failure wrong username [admin user]" time="0.06"/>
  <testcase classname="Scenario: Login failure wrong password [standard user]" name="Given I am on the login page" time="0"/>
  <testcase classname="Scenario: Login failure wrong password [standard user]" name="And I provide the standard user credentials" time="0"/>
  <testcase classname="Scenario: Login failure wrong password [standard user]" name="And I provide an invalid password" time="0"/>
  <testcase classname="Scenario: Login failure wrong password [standard user]" name="When I login" time="0"/>
  <testcase classname="Scenario: Login failure wrong password [standard user]" name="Then an error message is being displayed \&quot;is-error\&quot;" time="0"/>
  <testcase classname="Scenario: Login failure wrong password [standard user]" name="Scenario: Login failure wrong password [standard user]" time="0.126"/>
  <testcase classname="Scenario: Login failure wrong password [admin user]" name="Given I am on the login page" time="0"/>
  <testcase classname="Scenario: Login failure wrong password [admin user]" name="And I provide the admin user credentials" time="0"/>
  <testcase classname="Scenario: Login failure wrong password [admin user]" name="And I provide an invalid password" time="0"/>
  <testcase classname="Scenario: Login failure wrong password [admin user]" name="When I login" time="0"/>
  <testcase classname="Scenario: Login failure wrong password [admin user]" name="Then an error message is being displayed \&quot;is-error\&quot;" time="0"/>
  <testcase classname="Scenario: Login failure wrong password [admin user]" name="Scenario: Login failure wrong password [admin user]" time="0.115"/>
  <testcase classname="Scenario: Login failure wrong username wrong password" name="Given I am on the login page" time="0"/>
  <testcase classname="Scenario: Login failure wrong username wrong password" name="And I provide an invalid username" time="0"/>
  <testcase classname="Scenario: Login failure wrong username wrong password" name="And I provide an invalid password" time="0"/>
  <testcase classname="Scenario: Login failure wrong username wrong password" name="When I login" time="0"/>
  <testcase classname="Scenario: Login failure wrong username wrong password" name="Then an error message is being displayed \&quot;is-error\&quot;" time="0"/>
  <testcase classname="Scenario: Login failure wrong username wrong password" name="Scenario: Login failure wrong username wrong password" time="0.129"/>
  <testcase classname="| Username | topBannerView.logout |" name="Given I have logged into my account as standard user" time="0"/>
  <testcase classname="| Username | topBannerView.logout |" name="When I look for the element \&quot;topBannerView.logout\&quot;" time="0"/>
  <testcase classname="| Username | topBannerView.logout |" name="Then the element looked for is being displayed" time="0"/>
  <testcase classname="| Username | topBannerView.logout |" name="| Username | topBannerView.logout |" time="0.065"/>
  <testcase classname="Scenario: logout success [standard user]" name="Given I have logged into my account as standard user" time="0"/>
  <testcase classname="Scenario: logout success [standard user]" name="When I logout" time="0"/>
  <testcase classname="Scenario: logout success [standard user]" name="Then the login page is being displayed" time="0"/>
  <testcase classname="Scenario: logout success [standard user]" name="Scenario: logout success [standard user]" time="0.065"/>
  <testcase classname="Scenario: logout success [admin user]" name="Given I have logged into my account as admin user" time="0"/>
  <testcase classname="Scenario: logout success [admin user]" name="When I logout" time="0"/>
  <testcase classname="Scenario: logout success [admin user]" name="Then the login page is being displayed" time="0"/>
  <testcase classname="Scenario: logout success [admin user]" name="Scenario: logout success [admin user]" time="0.115"/>
</testsuite>