<?xml version="1.0" encoding="UTF-8" ?>
<testsuite tests="52" failures="2" name="de.neusta.b4u.RunCukesTest" time="0.696" errors="0" skipped="0">
  <properties>
[...]
</properties>
  <testcase classname="| Username | loginView.userName |" name="Given I am on the login page" time="0.001"/>
  <testcase classname="| Username | loginView.userName |" name="When I look for the element \&quot;loginView.userName\&quot;" time="0"/>
  <testcase classname="| Username | loginView.userName |" name="Then the element looked for is being displayed" time="0"/>
  <testcase classname="| Username | loginView.userName |" name="| Username | loginView.userName |" time="0.134"/>
  <testcase classname="| Password | loginView.password |" name="Given I am on the login page" time="0"/>
  <testcase classname="| Password | loginView.password |" name="When I look for the element \&quot;loginView.password\&quot;" time="0"/>
  <testcase classname="| Password | loginView.password |" name="Then the element looked for is being displayed" time="0"/>
  <testcase classname="| Password | loginView.password |" name="| Password | loginView.password |" time="0.075"/>
  <testcase classname="| Anmelden | loginView.login |" name="Given I am on the login page" time="0"/>
  <testcase classname="| Anmelden | loginView.login |" name="When I look for the element \&quot;loginView.login\&quot;" time="0"/>
  <testcase classname="| Anmelden | loginView.login |" name="Then the element looked for is being displayed" time="0"/>
  <testcase classname="| Anmelden | loginView.login |" name="| Anmelden | loginView.login |" time="0.071"/>
  <testcase classname="Scenario: Login success [standard user]" name="Given I am on the login page" time="0"/>
  <testcase classname="Scenario: Login success [standard user]" name="And I provide the standard user credentials" time="0"/>
  <testcase classname="Scenario: Login success [standard user]" name="When I login" time="0"/>
  <testcase classname="Scenario: Login success [standard user]" name="Then the account page is being displayed" time="0"/>
  <testcase classname="Scenario: Login success [standard user]" name="Scenario: Login success [standard user]" time="0.072"/>
  <testcase classname="Scenario: Login success [admin user]" name="Given I am on the login page" time="0"/>
  <testcase classname="Scenario: Login success [admin user]" name="And I provide the admin user credentials" time="0"/>
  <testcase classname="Scenario: Login success [admin user]" name="When I login" time="0"/>
  <testcase classname="Scenario: Login success [admin user]" name="Then the account page is being displayed" time="0.003">
    <failure message="Account page is displayed" type="java.lang.AssertionError">java.lang.AssertionError: Account page is displayed
	at org.junit.Assert.fail(Assert.java:88)
	at org.junit.Assert.assertTrue(Assert.java:41)
	at de.neusta.b4u.steps.login.LoginSteps.the_account_page_is_being_displayed(LoginSteps.java:97)
	at ✽.Then the account page is being displayed(login.feature:27)
</failure>
  </testcase>
  <testcase classname="Scenario: Login success [admin user]" name="Scenario: Login success [admin user]" time="0.005">
    <failure message="Account page is displayed" type="java.lang.AssertionError">java.lang.AssertionError: Account page is displayed
	at org.junit.Assert.fail(Assert.java:88)
	at org.junit.Assert.assertTrue(Assert.java:41)
	at de.neusta.b4u.steps.login.LoginSteps.the_account_page_is_being_displayed(LoginSteps.java:97)
	at ✽.Then the account page is being displayed(login.feature:27)
</failure>
  </testcase>
  <testcase classname="Scenario: Login failure wrong username [standard user]" name="Given I am on the login page" time="0"/>
  <testcase classname="Scenario: Login failure wrong username [standard user]" name="And I provide the standard user credentials" time="0"/>
  <testcase classname="Scenario: Login failure wrong username [standard user]" name="And I provide an invalid username" time="0"/>
  <testcase classname="Scenario: Login failure wrong username [standard user]" name="When I login" time="0"/>
  <testcase classname="Scenario: Login failure wrong username [standard user]" name="Then an error message is being displayed \&quot;is-error\&quot;" time="0"/>
  <testcase classname="Scenario: Login failure wrong username [standard user]" name="Scenario: Login failure wrong username [standard user]" time="0.072"/>
  <testcase classname="Scenario: Login failure wrong username [admin user]" name="Given I am on the login page" time="0"/>
  <testcase classname="Scenario: Login failure wrong username [admin user]" name="And I provide the admin user credentials" time="0"/>
  <testcase classname="Scenario: Login failure wrong username [admin user]" name="And I provide an invalid username" time="0"/>
  <testcase classname="Scenario: Login failure wrong username [admin user]" name="When I login" time="0"/>
  <testcase classname="Scenario: Login failure wrong username [admin user]" name="Then an error message is being displayed \&quot;is-error\&quot;" time="0"/>
  <testcase classname="Scenario: Login failure wrong username [admin user]" name="Scenario: Login failure wrong username [admin user]" time="0.063"/>
  <testcase classname="Scenario: Login failure wrong password [standard user]" name="Given I am on the login page" time="0"/>
  <testcase classname="Scenario: Login failure wrong password [standard user]" name="And I provide the standard user credentials" time="0"/>
  <testcase classname="Scenario: Login failure wrong password [standard user]" name="And I provide an invalid password" time="0"/>
  <testcase classname="Scenario: Login failure wrong password [standard user]" name="When I login" time="0"/>
  <testcase classname="Scenario: Login failure wrong password [standard user]" name="Then an error message is being displayed \&quot;is-error\&quot;" time="0"/>
  <testcase classname="Scenario: Login failure wrong password [standard user]" name="Scenario: Login failure wrong password [standard user]" time="0.064"/>
  <testcase classname="Scenario: Login failure wrong password [admin user]" name="Given I am on the login page" time="0"/>
  <testcase classname="Scenario: Login failure wrong password [admin user]" name="And I provide the admin user credentials" time="0"/>
  <testcase classname="Scenario: Login failure wrong password [admin user]" name="And I provide an invalid password" time="0"/>
  <testcase classname="Scenario: Login failure wrong password [admin user]" name="When I login" time="0"/>
  <testcase classname="Scenario: Login failure wrong password [admin user]" name="Then an error message is being displayed \&quot;is-error\&quot;" time="0"/>
  <testcase classname="Scenario: Login failure wrong password [admin user]" name="Scenario: Login failure wrong password [admin user]" time="0.071"/>
  <testcase classname="Scenario: Login failure wrong username wrong password" name="Given I am on the login page" time="0"/>
  <testcase classname="Scenario: Login failure wrong username wrong password" name="And I provide an invalid username" time="0"/>
  <testcase classname="Scenario: Login failure wrong username wrong password" name="And I provide an invalid password" time="0"/>
  <testcase classname="Scenario: Login failure wrong username wrong password" name="When I login" time="0"/>
  <testcase classname="Scenario: Login failure wrong username wrong password" name="Then an error message is being displayed \&quot;is-error\&quot;" time="0"/>
  <testcase classname="Scenario: Login failure wrong username wrong password" name="Scenario: Login failure wrong username wrong password" time="0.065"/>
</testsuite>